gzip: /disk/genetics/PGS/Aysu/PGS_Repo_pipeline/original_data/23andMe/v3.0/*.dat.gz: No such file or directory

-------------------------------------------------------------

Script started on gzip: /disk/genetics/PGS/Aysu/PGS_Repo_pipeline/original_data/23andMe/v4.0/*.dat.gz: No such file or directory
Wed Mar 18 09:57:38 EDT 2020
Usage: 
      format_23andMe.sh 
       --annot_all <path to all SNP annotation file>
       --annot_im <path to imputed SNP annotation file>
       --annot_gt <path to genotyped SNP annotation file>
       --annot_version <version of the annotation files, e.g. 7.0>
       --gwas <path to gwas results>
       --out <output file name>

Note: order of options is not important

-------------------------------------------------------------

Checking required arguments..

All SNP annotation file: /disk/genetics/PGS/Aysu/PGS_Repo_pipeline/original_data/23andMe/v3.0/3.0_Annotation/all_snp_info-3.0.txt
Genotyped SNP annotation file: /disk/genetics/PGS/Aysu/PGS_Repo_pipeline/original_data/23andMe/v3.0/3.0_Annotation/gt_snp_stat-3.0.txt
Imputed SNP annotation file: /disk/genetics/PGS/Aysu/PGS_Repo_pipeline/original_data/23andMe/v3.0/3.0_Annotation/im_snp_stat-3.0.txt
Version of annotation files is 3.0.

-------------------------------------------------------------

Script started on gzip: Wed Mar 18 09:57:38 EDT 2020
/disk/genetics/PGS/Aysu/PGS_Repo_pipeline/original_data/23andMe/v4.1/*.dat.gz: No such file or directory
GWAS file 1: /disk/genetics/PGS/Aysu/PGS_Repo_pipeline/original_data/23andMe/v3.0/Hu_2016-morning_person-3.0.dat
Output name 1: 23andMe_Hu_2016-morning_person-3.0.dat

-------------------------------------------------------------

Creating working directories.

Usage: 
      format_23andMe.sh 
       --annot_all <path to all SNP annotation file>
       --annot_im <path to imputed SNP annotation file>
       --annot_gt <path to genotyped SNP annotation file>
       --annot_version <version of the annotation files, e.g. 7.0>
       --gwas <path to gwas results>
       --out <output file name>

Note: order of options is not important

-------------------------------------------------------------

Checking required arguments..

All SNP annotation file: /disk/genetics/PGS/Aysu/PGS_Repo_pipeline/original_data/23andMe/v4.0/4.0_Annotation/all_snp_info-4.0.txt
Genotyped SNP annotation file: /disk/genetics/PGS/Aysu/PGS_Repo_pipeline/original_data/23andMe/v4.0/4.0_Annotation/gt_snp_stat-4.0.txt
Imputed SNP annotation file: /disk/genetics/PGS/Aysu/PGS_Repo_pipeline/original_data/23andMe/v4.0/4.0_Annotation/im_snp_stat-4.0.txt
Version of annotation files is 4.0.
mkdir: cannot create directory ‘TMP’: File exists
Using the existing TMP directory.
mkdir: cannot create directory ‘LOG’: File exists
Using the existing LOG directory.

-------------------------------------------------------------

GWAS file 1: /disk/genetics/PGS/Aysu/PGS_Repo_pipeline/original_data/23andMe/v4.0/Day_2015-age_first_menses-4.0.dat
GWAS file 2: /disk/genetics/PGS/Aysu/PGS_Repo_pipeline/original_data/23andMe/v4.0/Day_2015-age_voice_deepened-4.0.dat
GWAS file 3: /disk/genetics/PGS/Aysu/PGS_Repo_pipeline/original_data/23andMe/v4.0/Lo_2016-personality_agreeableness-4.0.dat
GWAS file 4: /disk/genetics/PGS/Aysu/PGS_Repo_pipeline/original_data/23andMe/v4.0/Lo_2016-personality_conscientiousness-4.0.dat

GWAS file 5: /disk/genetics/PGS/Aysu/PGS_Repo_pipeline/original_data/23andMe/v4.0/Lo_2016-personality_extraversion-4.0.dat
-------------------------------------------------------------

GWAS file 6: /disk/genetics/PGS/Aysu/PGS_Repo_pipeline/original_data/23andMe/v4.0/Lo_2016-personality_neuroticism-4.0.dat
Script started on GWAS file 7: /disk/genetics/PGS/Aysu/PGS_Repo_pipeline/original_data/23andMe/v4.0/Lo_2016-personality_openness-4.0.dat
Obtaining necessary columns from GWAS file(s).
gzip: /disk/genetics/PGS/Aysu/PGS_Repo_pipeline/original_data/23andMe/v5.0/*.dat.gz: No such file or directory
Wed Mar 18 09:57:38 EDT 2020
Output name 1: 23andMe_Day_2015-age_first_menses-4.0.dat
Output name 2: 23andMe_Day_2015-age_voice_deepened-4.0.dat
Output name 3: 23andMe_Lo_2016-personality_agreeableness-4.0.dat
Output name 4: 23andMe_Lo_2016-personality_conscientiousness-4.0.dat
Output name 5: 23andMe_Lo_2016-personality_extraversion-4.0.dat
Output name 6: 23andMe_Lo_2016-personality_neuroticism-4.0.dat
Output name 7: 23andMe_Lo_2016-personality_openness-4.0.dat

-------------------------------------------------------------

Creating working directories.

Usage: 
      format_23andMe.sh 
       --annot_all <path to all SNP annotation file>
       --annot_im <path to imputed SNP annotation file>
       --annot_gt <path to genotyped SNP annotation file>
       --annot_version <version of the annotation files, e.g. 7.0>
       --gwas <path to gwas results>
       --out <output file name>

Note: order of options is not important

mkdir: cannot create directory ‘TMP’-------------------------------------------------------------

: File exists
Checking required arguments..

All SNP annotation file: /disk/genetics/PGS/Aysu/PGS_Repo_pipeline/original_data/23andMe/v4.1/4.1_Annotation/all_snp_info-4.1.txt
Using the existing TMP directory.
Genotyped SNP annotation file: /disk/genetics/PGS/Aysu/PGS_Repo_pipeline/original_data/23andMe/v4.1/4.1_Annotation/gt_snp_stat-4.1.txt
Imputed SNP annotation file: /disk/genetics/PGS/Aysu/PGS_Repo_pipeline/original_data/23andMe/v4.1/4.1_Annotation/im_snp_stat-4.1.txt
Version of annotation files is 4.1.

-------------------------------------------------------------

Script started on mkdir: cannot create directory ‘LOG’: File exists
Wed Mar 18 09:57:38 EDT 2020
gzip: /disk/genetics/PGS/Aysu/PGS_Repo_pipeline/original_data/23andMe/v5.1/*.dat.gz: No such file or directory
Using the existing LOG directory.

-------------------------------------------------------------

Obtaining necessary columns from GWAS file(s).
GWAS file 1: /disk/genetics/PGS/Aysu/PGS_Repo_pipeline/original_data/23andMe/v4.1/Ferreira_2017_Asthma_hayfever_eczema-any_asthma_eczema_4.1V2.dat
GWAS file 2: /disk/genetics/PGS/Aysu/PGS_Repo_pipeline/original_data/23andMe/v4.1/Ferreira_2017_Asthma_hayfever_eczema-any_asthma_eczema_rhinitis_4.1V2.dat
GWAS file 3: /disk/genetics/PGS/Aysu/PGS_Repo_pipeline/original_data/23andMe/v4.1/Ferreira_2017_Asthma_hayfever_eczema-any_asthma_rhinitis_4.1V2.dat
GWAS file 4: /disk/genetics/PGS/Aysu/PGS_Repo_pipeline/original_data/23andMe/v4.1/Ferreira_2017_Asthma_hayfever_eczema-any_rhinitis_eczema_4.1V2.dat
GWAS file 5: /disk/genetics/PGS/Aysu/PGS_Repo_pipeline/original_data/23andMe/v4.1/Pickrell_2016-migraine_diagnosis-4.1.dat
GWAS file 6: /disk/genetics/PGS/Aysu/PGS_Repo_pipeline/original_data/23andMe/v4.1/Pickrell_2016-nearsightedness-4.1.dat
GWAS file 7: /disk/genetics/PGS/Aysu/PGS_Repo_pipeline/original_data/23andMe/v4.1/Warrier_2018-empathy_qt-4.1.dat
GWAS file 8: /disk/genetics/PGS/Aysu/PGS_Repo_pipeline/original_data/23andMe/v4.1/Warrier_2018-empathy_qt_F-4.1.dat
GWAS file 9: /disk/genetics/PGS/Aysu/PGS_Repo_pipeline/original_data/23andMe/v4.1/Warrier_2018-empathy_qt_M-4.1.dat
Usage: 
      format_23andMe.sh 
       --annot_all <path to all SNP annotation file>
       --annot_im <path to imputed SNP annotation file>
       --annot_gt <path to genotyped SNP annotation file>
       --annot_version <version of the annotation files, e.g. 7.0>
       --gwas <path to gwas results>
       --out <output file name>

Note: order of options is not important

-------------------------------------------------------------

Checking required arguments..

All SNP annotation file: /disk/genetics/PGS/Aysu/PGS_Repo_pipeline/original_data/23andMe/v5.0/5.0_Annotation/all_snp_info-5.0.txt
Genotyped SNP annotation file: /disk/genetics/PGS/Aysu/PGS_Repo_pipeline/original_data/23andMe/v5.0/5.0_Annotation/gt_snp_stat-5.0.txt
Imputed SNP annotation file: /disk/genetics/PGS/Aysu/PGS_Repo_pipeline/original_data/23andMe/v5.0/5.0_Annotation/im_snp_stat-5.0.txt
Version of annotation files is 5.0.
Output name 1: 23andMe_Ferreira_2017_Asthma_hayfever_eczema-any_asthma_eczema_4.1V2.dat
Output name 2: 23andMe_Ferreira_2017_Asthma_hayfever_eczema-any_asthma_eczema_rhinitis_4.1V2.dat
Output name 3: 23andMe_Ferreira_2017_Asthma_hayfever_eczema-any_asthma_rhinitis_4.1V2.dat
Output name 4: 23andMe_Ferreira_2017_Asthma_hayfever_eczema-any_rhinitis_eczema_4.1V2.dat
Output name 5: 23andMe_Pickrell_2016-migraine_diagnosis-4.1.dat

-------------------------------------------------------------

Script started on gzip: /disk/genetics/PGS/Aysu/PGS_Repo_pipeline/original_data/23andMe/v5.2/*.dat.gz: No such file or directory
Wed Mar 18 09:57:38 EDT 2020
Output name 6: 23andMe_Pickrell_2016-nearsightedness-4.1.dat
GWAS file 1: /disk/genetics/PGS/Aysu/PGS_Repo_pipeline/original_data/23andMe/v5.0/Hyde_2016-depression-5.0.dat
Output name 7: 23andMe_Warrier_2018-empathy_qt-4.1.dat
Output name 8: 23andMe_Warrier_2018-empathy_qt_F-4.1.dat
Output name 9: 23andMe_Warrier_2018-empathy_qt_M-4.1.dat

-------------------------------------------------------------

Creating working directories.

Usage: 
      format_23andMe.sh 
       --annot_all <path to all SNP annotation file>
       --annot_im <path to imputed SNP annotation file>
       --annot_gt <path to genotyped SNP annotation file>
       --annot_version <version of the annotation files, e.g. 7.0>
       --gwas <path to gwas results>
       --out <output file name>

Note: order of options is not important

-------------------------------------------------------------

Checking required arguments..

mkdir: cannot create directory ‘TMP’: File exists
Output name 1: 23andMe_Hyde_2016-depression-5.0.dat

All SNP annotation file: /disk/genetics/PGS/Aysu/PGS_Repo_pipeline/original_data/23andMe/v5.1/5.1_Annotation/all_snp_info-5.1.txt
-------------------------------------------------------------

Creating working directories.

Using the existing TMP directory.
Genotyped SNP annotation file: /disk/genetics/PGS/Aysu/PGS_Repo_pipeline/original_data/23andMe/v5.1/5.1_Annotation/gt_snp_stat-5.1.txt
mkdir: cannot create directory ‘LOG’: File exists
Imputed SNP annotation file: /disk/genetics/PGS/Aysu/PGS_Repo_pipeline/original_data/23andMe/v5.1/5.1_Annotation/im_snp_stat-5.1.txt
mkdir: cannot create directory ‘TMP’Version of annotation files is 5.1.
: File exists
Using the existing LOG directory.

-------------------------------------------------------------
Using the existing TMP directory.

Obtaining necessary columns from GWAS file(s).
mkdir: cannot create directory ‘LOG’: File exists
GWAS file 1: /disk/genetics/PGS/Aysu/PGS_Repo_pipeline/original_data/23andMe/v5.1/SanchezRoige_2018-DelayDiscounting_MCQ_mean_Log10_K_DecisionMaking_Filtered.5.0.dat
GWAS file 2: /disk/genetics/PGS/Aysu/PGS_Repo_pipeline/original_data/23andMe/v5.1/SanchezRoige_2019-AUDIT_Log10_total_clean_DecisionMaking_Filtered.dat
Using the existing LOG directory.

-------------------------------------------------------------

Obtaining necessary columns from GWAS file(s).

-------------------------------------------------------------

Script started on gzip: /disk/genetics/PGS/Aysu/PGS_Repo_pipeline/original_data/23andMe/v7.0/*.dat.gz: No such file or directory
Wed Mar 18 09:57:40 EDT 2020
Usage: 
      format_23andMe.sh 
       --annot_all <path to all SNP annotation file>
       --annot_im <path to imputed SNP annotation file>
       --annot_gt <path to genotyped SNP annotation file>
       --annot_version <version of the annotation files, e.g. 7.0>
       --gwas <path to gwas results>
       --out <output file name>

Note: order of options is not important

-------------------------------------------------------------

Checking required arguments..

Output name 1: 23andMe_SanchezRoige_2018-DelayDiscounting_MCQ_mean_Log10_K_DecisionMaking_Filtered.5.0.dat
Output name 2: 23andMe_SanchezRoige_2019-AUDIT_Log10_total_clean_DecisionMaking_Filtered.dat

-------------------------------------------------------------

Creating working directories.

All SNP annotation file: /disk/genetics/PGS/Aysu/PGS_Repo_pipeline/original_data/23andMe/v5.2/5.2_Annotation/all_snp_info-5.2.txt
mkdir: cannot create directory ‘TMP’Genotyped SNP annotation file: /disk/genetics/PGS/Aysu/PGS_Repo_pipeline/original_data/23andMe/v5.2/5.2_Annotation/gt_snp_stat-5.2.txt
: File exists
Using the existing TMP directory.
Imputed SNP annotation file: /disk/genetics/PGS/Aysu/PGS_Repo_pipeline/original_data/23andMe/v5.2/5.2_Annotation/im_snp_stat-5.2.txt
Version of annotation files is 5.2.
mkdir: cannot create directory ‘LOG’: File exists

-------------------------------------------------------------

Script started on Using the existing LOG directory.

-------------------------------------------------------------

Wed Mar 18 09:57:41 EDT 2020
GWAS file 1: /disk/genetics/PGS/Aysu/PGS_Repo_pipeline/original_data/23andMe/v5.2/general_health.dat
GWAS file 2: /disk/genetics/PGS/Aysu/PGS_Repo_pipeline/original_data/23andMe/v5.2/iqb.adventurous.dat
GWAS file 3: /disk/genetics/PGS/Aysu/PGS_Repo_pipeline/original_data/23andMe/v5.2/iqb.age_started_reading.dat
GWAS file 4: /disk/genetics/PGS/Aysu/PGS_Repo_pipeline/original_data/23andMe/v5.2/iqb.left_out_social_activity.dat
GWAS file 5: /disk/genetics/PGS/Aysu/PGS_Repo_pipeline/original_data/23andMe/v5.2/iqb.narcissism.dat
GWAS file 6: /disk/genetics/PGS/Aysu/PGS_Repo_pipeline/original_data/23andMe/v5.2/iqb.religious.dat
GWAS file 7: /disk/genetics/PGS/Aysu/PGS_Repo_pipeline/original_data/23andMe/v5.2/Lee_2018-highest_math_over_25yo.dat
GWAS file 8: /disk/genetics/PGS/Aysu/PGS_Repo_pipeline/original_data/23andMe/v5.2/Lee_2018-iqb.self_rated_math_ability.dat
GWAS file 9: /disk/genetics/PGS/Aysu/PGS_Repo_pipeline/original_data/23andMe/v5.2/Pasman_2018-SUC_marijuana_DecisionMaking_Filtered.5.2.dat
GWAS file 10: /disk/genetics/PGS/Aysu/PGS_Repo_pipeline/original_data/23andMe/v5.2/physical_activity_qtl.dat
GWAS file 11: /disk/genetics/PGS/Aysu/PGS_Repo_pipeline/original_data/23andMe/v5.2/recharge_by_socializing_qtl.dat
Usage: 
      format_23andMe.sh 
       --annot_all <path to all SNP annotation file>
       --annot_im <path to imputed SNP annotation file>
       --annot_gt <path to genotyped SNP annotation file>
       --annot_version <version of the annotation files, e.g. 7.0>
       --gwas <path to gwas results>
       --out <output file name>

Note: order of options is not important

-------------------------------------------------------------

Checking required arguments..

Output name 1: 23andMe_general_health.dat
Output name 2: 23andMe_iqb.adventurous.dat
All SNP annotation file: /disk/genetics/PGS/Aysu/PGS_Repo_pipeline/original_data/23andMe/v7.0/7.0_Annotation/all_snp_info-7.0.txt
Obtaining necessary columns from GWAS file(s).
Output name 3: 23andMe_iqb.age_started_reading.dat
Genotyped SNP annotation file: /disk/genetics/PGS/Aysu/PGS_Repo_pipeline/original_data/23andMe/v7.0/7.0_Annotation/gt_snp_stat-7.0.txt
Output name 4: 23andMe_iqb.left_out_social_activity.dat
Imputed SNP annotation file: /disk/genetics/PGS/Aysu/PGS_Repo_pipeline/original_data/23andMe/v7.0/7.0_Annotation/im_snp_stat-7.0.txt
Version of annotation files is 7.0.
Output name 5: 23andMe_iqb.narcissism.dat
Output name 6: 23andMe_iqb.religious.dat
Output name 7: 23andMe_Lee_2018-highest_math_over_25yo.dat
Output name 8: 23andMe_Lee_2018-iqb.self_rated_math_ability.dat
Output name 9: 23andMe_Pasman_2018-SUC_marijuana_DecisionMaking_Filtered.5.2.dat
GWAS file 1: /disk/genetics/PGS/Aysu/PGS_Repo_pipeline/original_data/23andMe/v7.0/iqb.comfort_taking_risks.dat
GWAS file 2: /disk/genetics/PGS/Aysu/PGS_Repo_pipeline/original_data/23andMe/v7.0/iqb.life_satisfaction.dat
Output name 10: 23andMe_physical_activity_qtl.dat
GWAS file 3: /disk/genetics/PGS/Aysu/PGS_Repo_pipeline/original_data/23andMe/v7.0/mets_quantile_norm.dat
Output name 11: 23andMe_recharge_by_socializing_qtl.dat

-------------------------------------------------------------

Creating working directories.

Output name 1: 23andMe_iqb.comfort_taking_risks.dat
mkdir: cannot create directory ‘TMP’: File exists
Using the existing TMP directory.
Output name 2: 23andMe_iqb.life_satisfaction.dat
mkdir: cannot create directory ‘LOG’: File exists
Using the existing LOG directory.

-------------------------------------------------------------

Output name 3: 23andMe_mets_quantile_norm.dat

-------------------------------------------------------------

Creating working directories.

Obtaining necessary columns from GWAS file(s).
mkdir: cannot create directory ‘TMP’: File exists
Using the existing TMP directory.
mkdir: cannot create directory ‘LOG’: File exists
Using the existing LOG directory.

-------------------------------------------------------------

Obtaining necessary columns from GWAS file(s).
Merging GWAS results with annotation data.
Merging GWAS results with annotation data.
Merging GWAS results with annotation data.
Merging GWAS results with annotation data.
Merging GWAS results with annotation data.
Merging GWAS results with annotation data.
Merging GWAS results with annotation data.
Script finished running on Wed Mar 18 10:14:59 EDT 2020
Execution time was 1041 seconds.
Script finished running on Wed Mar 18 10:21:48 EDT 2020
Execution time was 1446 seconds.
Script finished running on Wed Mar 18 10:22:26 EDT 2020
Execution time was 1488 seconds.
656 flipped SNPs were dropped from 23andMe_Hyde_2016-depression-5.0.dat.
Script finished running on Wed Mar 18 10:22:28 EDT 2020
Execution time was 1490 seconds.
562 flipped SNPs were dropped from 23andMe_SanchezRoige_2018-DelayDiscounting_MCQ_mean_Log10_K_DecisionMaking_Filtered.5.0.dat.
Script finished running on Wed Mar 18 10:22:36 EDT 2020
Execution time was 1498 seconds.
562 flipped SNPs were dropped from 23andMe_SanchezRoige_2019-AUDIT_Log10_total_clean_DecisionMaking_Filtered.dat.
Script finished running on Wed Mar 18 10:23:09 EDT 2020
Execution time was 1531 seconds.
605 flipped SNPs were dropped from 23andMe_general_health.dat.
605 flipped SNPs were dropped from 23andMe_iqb.adventurous.dat.
605 flipped SNPs were dropped from 23andMe_iqb.age_started_reading.dat.
605 flipped SNPs were dropped from 23andMe_iqb.left_out_social_activity.dat.
605 flipped SNPs were dropped from 23andMe_iqb.narcissism.dat.
605 flipped SNPs were dropped from 23andMe_iqb.religious.dat.
605 flipped SNPs were dropped from 23andMe_Lee_2018-highest_math_over_25yo.dat.
605 flipped SNPs were dropped from 23andMe_Lee_2018-iqb.self_rated_math_ability.dat.
580 flipped SNPs were dropped from 23andMe_Pasman_2018-SUC_marijuana_DecisionMaking_Filtered.5.2.dat.
605 flipped SNPs were dropped from 23andMe_physical_activity_qtl.dat.
605 flipped SNPs were dropped from 23andMe_recharge_by_socializing_qtl.dat.
Script finished running on Wed Mar 18 10:28:15 EDT 2020
Execution time was 1835 seconds.
gzip: *.gz: No such file or directory
gzip: /disk/genetics/PGS/Aysu/PGS_Repo_pipeline/derived_data/2_Formatted/23andMe/LOG is a directory -- ignored
gzip: /disk/genetics/PGS/Aysu/PGS_Repo_pipeline/derived_data/2_Formatted/23andMe/OLD is a directory -- ignored
gzip: /disk/genetics/PGS/Aysu/PGS_Repo_pipeline/derived_data/2_Formatted/23andMe/TMP is a directory -- ignored
