Loading required package: Cairo
Loading required package: Cairo
Loading required package: Cairo
Loading required package: Cairo
Loading required package: Cairo
Loading required package: Cairo
Loading required package: Cairo
Loading required package: Cairo
Loading required package: Cairo
Loading required package: Cairo
Loading required package: Cairo
Loading required package: Cairo
Loading required package: Cairo
Loading required package: Cairo
Loading required package: plotrix
Loading required package: plotrix
Loading required package: plotrix
Loading required package: plotrix
Loading required package: plotrix
Loading required package: plotrix
Loading required package: plotrix
Loading required package: plotrix
Loading required package: plotrix
Loading required package: plotrix
Loading required package: plotrix
Loading required package: plotrix
Loading required package: plotrix
Loading required package: plotrix
Loading required package: data.table
Loading required package: data.table
Loading required package: data.table
Loading required package: data.table
Loading required package: data.table
Loading required package: data.table
Loading required package: data.table
Loading required package: data.table
Loading required package: data.table
Loading required package: data.table
Loading required package: data.table
Loading required package: data.table
Loading required package: data.table
Loading required package: data.table
Warning messages:
1: In GWADATA.init(container.GWADATA[[i]]) : EASY WARNING:
 There is no TAB in the header of file 
/disk/genetics4/PGS/Aysu/PGS_Repo_pipeline/derived_data/2_Formatted/public/1.1_public_sumstats.txt
 Please make sure that you have defined the correct delimiter!
2: In GWADATA.init(container.GWADATA[[i]]) : EASY WARNING:
 Columns 
/disk/genetics4/PGS/Aysu/PGS_Repo_pipeline/derived_data/2_Formatted/public/ADHD-Demontis.txt
 contain a '-' that will be renamed to '.'! Therefore the new column names 
/disk/genetics4/PGS/Aysu/PGS_Repo_pipeline/derived_data/2_Formatted/public/ADHD.Demontis.txt
 must be used throughout the ecf file!
Taking input= as a system command ('grep -v '#' ~/tmp.AFBmen-Barban.lnk') and a variable has been used in the expression passed to `input=`. Please use fread(cmd=...). There is a security concern if you are creating an app, and the app could have a malicious user, and the app is not running in a secure environment; e.g. the app is running as root. Please read item 5 in the NEWS file for v1.11.6 for more information and for the option to suppress this message.
Taking input= as a system command ('grep -v '#' ~/tmp.AgeFirstMenses-Perry.lnk') and a variable has been used in the expression passed to `input=`. Please use fread(cmd=...). There is a security concern if you are creating an app, and the app could have a malicious user, and the app is not running in a secure environment; e.g. the app is running as root. Please read item 5 in the NEWS file for v1.11.6 for more information and for the option to suppress this message.
Taking input= as a system command ('grep -v '#' ~/tmp.BMI-Locke.lnk') and a variable has been used in the expression passed to `input=`. Please use fread(cmd=...). There is a security concern if you are creating an app, and the app could have a malicious user, and the app is not running in a secure environment; e.g. the app is running as root. Please read item 5 in the NEWS file for v1.11.6 for more information and for the option to suppress this message.
Taking input= as a system command ('grep -v '#' ~/tmp.CPD-TAG.lnk') and a variable has been used in the expression passed to `input=`. Please use fread(cmd=...). There is a security concern if you are creating an app, and the app could have a malicious user, and the app is not running in a secure environment; e.g. the app is running as root. Please read item 5 in the NEWS file for v1.11.6 for more information and for the option to suppress this message.
Taking input= as a system command ('grep -v '#' ~/tmp.Cannabis-Demontis.lnk') and a variable has been used in the expression passed to `input=`. Please use fread(cmd=...). There is a security concern if you are creating an app, and the app could have a malicious user, and the app is not running in a secure environment; e.g. the app is running as root. Please read item 5 in the NEWS file for v1.11.6 for more information and for the option to suppress this message.
Taking input= as a system command ('grep -v '#' ~/tmp.ADHD-Demontis.lnk') and a variable has been used in the expression passed to `input=`. Please use fread(cmd=...). There is a security concern if you are creating an app, and the app could have a malicious user, and the app is not running in a secure environment; e.g. the app is running as root. Please read item 5 in the NEWS file for v1.11.6 for more information and for the option to suppress this message.
Taking input= as a system command ('grep -v '#' ~/tmp.AgeFirstMenses-Day.lnk') and a variable has been used in the expression passed to `input=`. Please use fread(cmd=...). There is a security concern if you are creating an app, and the app could have a malicious user, and the app is not running in a secure environment; e.g. the app is running as root. Please read item 5 in the NEWS file for v1.11.6 for more information and for the option to suppress this message.
Taking input= as a system command ('grep -v '#' ~/tmp.ALZ-IGAP.lnk') and a variable has been used in the expression passed to `input=`. Please use fread(cmd=...). There is a security concern if you are creating an app, and the app could have a malicious user, and the app is not running in a secure environment; e.g. the app is running as root. Please read item 5 in the NEWS file for v1.11.6 for more information and for the option to suppress this message.
Taking input= as a system command ('grep -v '#' ~/tmp.AFBpooled-Barban.lnk') and a variable has been used in the expression passed to `input=`. Please use fread(cmd=...). There is a security concern if you are creating an app, and the app could have a malicious user, and the app is not running in a secure environment; e.g. the app is running as root. Please read item 5 in the NEWS file for v1.11.6 for more information and for the option to suppress this message.
Taking input= as a system command ('grep -v '#' ~/tmp.Cannabis-ICC.lnk') and a variable has been used in the expression passed to `input=`. Please use fread(cmd=...). There is a security concern if you are creating an app, and the app could have a malicious user, and the app is not running in a secure environment; e.g. the app is running as root. Please read item 5 in the NEWS file for v1.11.6 for more information and for the option to suppress this message.
Taking input= as a system command ('grep -v '#' ~/tmp.AstEczRhi-Ferreira.lnk') and a variable has been used in the expression passed to `input=`. Please use fread(cmd=...). There is a security concern if you are creating an app, and the app could have a malicious user, and the app is not running in a secure environment; e.g. the app is running as root. Please read item 5 in the NEWS file for v1.11.6 for more information and for the option to suppress this message.
Taking input= as a system command ('grep -v '#' ~/tmp.ALZ-UKB_IGAP.lnk') and a variable has been used in the expression passed to `input=`. Please use fread(cmd=...). There is a security concern if you are creating an app, and the app could have a malicious user, and the app is not running in a secure environment; e.g. the app is running as root. Please read item 5 in the NEWS file for v1.11.6 for more information and for the option to suppress this message.
Taking input= as a system command ('grep -v '#' ~/tmp.AFBwomen-Barban.lnk') and a variable has been used in the expression passed to `input=`. Please use fread(cmd=...). There is a security concern if you are creating an app, and the app could have a malicious user, and the app is not running in a secure environment; e.g. the app is running as root. Please read item 5 in the NEWS file for v1.11.6 for more information and for the option to suppress this message.
Taking input= as a system command ('grep -v '#' ~/tmp.HRC.r1-1.GRCh37.wgs.mac5.sites.tab.rsid_map.lnk') and a variable has been used in the expression passed to `input=`. Please use fread(cmd=...). There is a security concern if you are creating an app, and the app could have a malicious user, and the app is not running in a secure environment; e.g. the app is running as root. Please read item 5 in the NEWS file for v1.11.6 for more information and for the option to suppress this message.
Taking input= as a system command ('grep -v '#' ~/tmp.HRC.r1-1.GRCh37.wgs.mac5.sites.tab.rsid_map.lnk') and a variable has been used in the expression passed to `input=`. Please use fread(cmd=...). There is a security concern if you are creating an app, and the app could have a malicious user, and the app is not running in a secure environment; e.g. the app is running as root. Please read item 5 in the NEWS file for v1.11.6 for more information and for the option to suppress this message.
Taking input= as a system command ('grep -v '#' ~/tmp.HRC.r1-1.GRCh37.wgs.mac5.sites.tab.rsid_map.lnk') and a variable has been used in the expression passed to `input=`. Please use fread(cmd=...). There is a security concern if you are creating an app, and the app could have a malicious user, and the app is not running in a secure environment; e.g. the app is running as root. Please read item 5 in the NEWS file for v1.11.6 for more information and for the option to suppress this message.
Taking input= as a system command ('grep -v '#' ~/tmp.HRC.r1-1.GRCh37.wgs.mac5.sites.tab.rsid_map.lnk') and a variable has been used in the expression passed to `input=`. Please use fread(cmd=...). There is a security concern if you are creating an app, and the app could have a malicious user, and the app is not running in a secure environment; e.g. the app is running as root. Please read item 5 in the NEWS file for v1.11.6 for more information and for the option to suppress this message.
Taking input= as a system command ('grep -v '#' ~/tmp.HRC.r1-1.GRCh37.wgs.mac5.sites.tab.rsid_map.lnk') and a variable has been used in the expression passed to `input=`. Please use fread(cmd=...). There is a security concern if you are creating an app, and the app could have a malicious user, and the app is not running in a secure environment; e.g. the app is running as root. Please read item 5 in the NEWS file for v1.11.6 for more information and for the option to suppress this message.
Taking input= as a system command ('grep -v '#' ~/tmp.HRC.r1-1.GRCh37.wgs.mac5.sites.tab.rsid_map.lnk') and a variable has been used in the expression passed to `input=`. Please use fread(cmd=...). There is a security concern if you are creating an app, and the app could have a malicious user, and the app is not running in a secure environment; e.g. the app is running as root. Please read item 5 in the NEWS file for v1.11.6 for more information and for the option to suppress this message.
Taking input= as a system command ('grep -v '#' ~/tmp.HRC.r1-1.GRCh37.wgs.mac5.sites.tab.rsid_map.lnk') and a variable has been used in the expression passed to `input=`. Please use fread(cmd=...). There is a security concern if you are creating an app, and the app could have a malicious user, and the app is not running in a secure environment; e.g. the app is running as root. Please read item 5 in the NEWS file for v1.11.6 for more information and for the option to suppress this message.
Taking input= as a system command ('grep -v '#' ~/tmp.HRC.r1-1.GRCh37.wgs.mac5.sites.tab.rsid_map.lnk') and a variable has been used in the expression passed to `input=`. Please use fread(cmd=...). There is a security concern if you are creating an app, and the app could have a malicious user, and the app is not running in a secure environment; e.g. the app is running as root. Please read item 5 in the NEWS file for v1.11.6 for more information and for the option to suppress this message.
Taking input= as a system command ('grep -v '#' ~/tmp.HRC.r1-1.GRCh37.wgs.mac5.sites.tab.rsid_map.lnk') and a variable has been used in the expression passed to `input=`. Please use fread(cmd=...). There is a security concern if you are creating an app, and the app could have a malicious user, and the app is not running in a secure environment; e.g. the app is running as root. Please read item 5 in the NEWS file for v1.11.6 for more information and for the option to suppress this message.
Taking input= as a system command ('grep -v '#' ~/tmp.HRC.r1-1.GRCh37.wgs.mac5.sites.tab.rsid_map.lnk') and a variable has been used in the expression passed to `input=`. Please use fread(cmd=...). There is a security concern if you are creating an app, and the app could have a malicious user, and the app is not running in a secure environment; e.g. the app is running as root. Please read item 5 in the NEWS file for v1.11.6 for more information and for the option to suppress this message.
Taking input= as a system command ('grep -v '#' ~/tmp.HRC.r1-1.GRCh37.wgs.mac5.sites.tab.rsid_map.lnk') and a variable has been used in the expression passed to `input=`. Please use fread(cmd=...). There is a security concern if you are creating an app, and the app could have a malicious user, and the app is not running in a secure environment; e.g. the app is running as root. Please read item 5 in the NEWS file for v1.11.6 for more information and for the option to suppress this message.
Taking input= as a system command ('grep -v '#' ~/tmp.HRC.r1-1.GRCh37.wgs.mac5.sites.tab.rsid_map.lnk') and a variable has been used in the expression passed to `input=`. Please use fread(cmd=...). There is a security concern if you are creating an app, and the app could have a malicious user, and the app is not running in a secure environment; e.g. the app is running as root. Please read item 5 in the NEWS file for v1.11.6 for more information and for the option to suppress this message.
Taking input= as a system command ('grep -v '#' ~/tmp.HRC.r1-1.GRCh37.wgs.mac5.sites.tab.rsid_map.lnk') and a variable has been used in the expression passed to `input=`. Please use fread(cmd=...). There is a security concern if you are creating an app, and the app could have a malicious user, and the app is not running in a secure environment; e.g. the app is running as root. Please read item 5 in the NEWS file for v1.11.6 for more information and for the option to suppress this message.
Taking input= as a system command ('gunzip -c ~/tmp.HRC.r1-1.GRCh37.wgs.mac5.sites.tab.cptid.maf001.gz.lnk | grep -v '#'') and a variable has been used in the expression passed to `input=`. Please use fread(cmd=...). There is a security concern if you are creating an app, and the app could have a malicious user, and the app is not running in a secure environment; e.g. the app is running as root. Please read item 5 in the NEWS file for v1.11.6 for more information and for the option to suppress this message.
Taking input= as a system command ('gunzip -c ~/tmp.HRC.r1-1.GRCh37.wgs.mac5.sites.tab.cptid.maf001.gz.lnk | grep -v '#'') and a variable has been used in the expression passed to `input=`. Please use fread(cmd=...). There is a security concern if you are creating an app, and the app could have a malicious user, and the app is not running in a secure environment; e.g. the app is running as root. Please read item 5 in the NEWS file for v1.11.6 for more information and for the option to suppress this message.
Taking input= as a system command ('gunzip -c ~/tmp.HRC.r1-1.GRCh37.wgs.mac5.sites.tab.cptid.maf001.gz.lnk | grep -v '#'') and a variable has been used in the expression passed to `input=`. Please use fread(cmd=...). There is a security concern if you are creating an app, and the app could have a malicious user, and the app is not running in a secure environment; e.g. the app is running as root. Please read item 5 in the NEWS file for v1.11.6 for more information and for the option to suppress this message.
Taking input= as a system command ('gunzip -c ~/tmp.HRC.r1-1.GRCh37.wgs.mac5.sites.tab.cptid.maf001.gz.lnk | grep -v '#'') and a variable has been used in the expression passed to `input=`. Please use fread(cmd=...). There is a security concern if you are creating an app, and the app could have a malicious user, and the app is not running in a secure environment; e.g. the app is running as root. Please read item 5 in the NEWS file for v1.11.6 for more information and for the option to suppress this message.
Taking input= as a system command ('gunzip -c ~/tmp.HRC.r1-1.GRCh37.wgs.mac5.sites.tab.cptid.maf001.gz.lnk | grep -v '#'') and a variable has been used in the expression passed to `input=`. Please use fread(cmd=...). There is a security concern if you are creating an app, and the app could have a malicious user, and the app is not running in a secure environment; e.g. the app is running as root. Please read item 5 in the NEWS file for v1.11.6 for more information and for the option to suppress this message.
Taking input= as a system command ('gunzip -c ~/tmp.HRC.r1-1.GRCh37.wgs.mac5.sites.tab.cptid.maf001.gz.lnk | grep -v '#'') and a variable has been used in the expression passed to `input=`. Please use fread(cmd=...). There is a security concern if you are creating an app, and the app could have a malicious user, and the app is not running in a secure environment; e.g. the app is running as root. Please read item 5 in the NEWS file for v1.11.6 for more information and for the option to suppress this message.
Taking input= as a system command ('gunzip -c ~/tmp.HRC.r1-1.GRCh37.wgs.mac5.sites.tab.cptid.maf001.gz.lnk | grep -v '#'') and a variable has been used in the expression passed to `input=`. Please use fread(cmd=...). There is a security concern if you are creating an app, and the app could have a malicious user, and the app is not running in a secure environment; e.g. the app is running as root. Please read item 5 in the NEWS file for v1.11.6 for more information and for the option to suppress this message.
Taking input= as a system command ('gunzip -c ~/tmp.HRC.r1-1.GRCh37.wgs.mac5.sites.tab.cptid.maf001.gz.lnk | grep -v '#'') and a variable has been used in the expression passed to `input=`. Please use fread(cmd=...). There is a security concern if you are creating an app, and the app could have a malicious user, and the app is not running in a secure environment; e.g. the app is running as root. Please read item 5 in the NEWS file for v1.11.6 for more information and for the option to suppress this message.
Taking input= as a system command ('gunzip -c ~/tmp.HRC.r1-1.GRCh37.wgs.mac5.sites.tab.cptid.maf001.gz.lnk | grep -v '#'') and a variable has been used in the expression passed to `input=`. Please use fread(cmd=...). There is a security concern if you are creating an app, and the app could have a malicious user, and the app is not running in a secure environment; e.g. the app is running as root. Please read item 5 in the NEWS file for v1.11.6 for more information and for the option to suppress this message.
Taking input= as a system command ('gunzip -c ~/tmp.HRC.r1-1.GRCh37.wgs.mac5.sites.tab.cptid.maf001.gz.lnk | grep -v '#'') and a variable has been used in the expression passed to `input=`. Please use fread(cmd=...). There is a security concern if you are creating an app, and the app could have a malicious user, and the app is not running in a secure environment; e.g. the app is running as root. Please read item 5 in the NEWS file for v1.11.6 for more information and for the option to suppress this message.
Taking input= as a system command ('gunzip -c ~/tmp.HRC.r1-1.GRCh37.wgs.mac5.sites.tab.cptid.maf001.gz.lnk | grep -v '#'') and a variable has been used in the expression passed to `input=`. Please use fread(cmd=...). There is a security concern if you are creating an app, and the app could have a malicious user, and the app is not running in a secure environment; e.g. the app is running as root. Please read item 5 in the NEWS file for v1.11.6 for more information and for the option to suppress this message.
Taking input= as a system command ('gunzip -c ~/tmp.HRC.r1-1.GRCh37.wgs.mac5.sites.tab.cptid.maf001.gz.lnk | grep -v '#'') and a variable has been used in the expression passed to `input=`. Please use fread(cmd=...). There is a security concern if you are creating an app, and the app could have a malicious user, and the app is not running in a secure environment; e.g. the app is running as root. Please read item 5 in the NEWS file for v1.11.6 for more information and for the option to suppress this message.
Taking input= as a system command ('gunzip -c ~/tmp.HRC.r1-1.GRCh37.wgs.mac5.sites.tab.cptid.maf001.gz.lnk | grep -v '#'') and a variable has been used in the expression passed to `input=`. Please use fread(cmd=...). There is a security concern if you are creating an app, and the app could have a malicious user, and the app is not running in a secure environment; e.g. the app is running as root. Please read item 5 in the NEWS file for v1.11.6 for more information and for the option to suppress this message.
Warning messages:
1: In SPLOT.run(objPZPLOT, objGWA) : EASY WARNING:
 There are 27 SNPs with Inf values on the x-axis being excluded for from the SPLOT for the rcd 
-log10(PVALUE) 
 and file 
 /disk/genetics4/PGS/Aysu/PGS_Repo_pipeline/derived_data/2_Formatted/public/ALZ-IGAP.txt
2: In SPLOT.run(objPZPLOT, objGWA) : EASY WARNING:
 There are 27 SNPs with Inf values on the y-axis being excluded for from the SPLOT for the rcd 
-log10(2*pnorm(abs(EFFECT/SE),lower.tail=FALSE)) 
 and file 
 /disk/genetics4/PGS/Aysu/PGS_Repo_pipeline/derived_data/2_Formatted/public/ALZ-IGAP.txt
3: In QQPLOT.run(objQQPLOT, objGWA) : EASY WARNING:
 There are 27 SNPs with P=0 being excluded from the QQ plot for file 
 /disk/genetics4/PGS/Aysu/PGS_Repo_pipeline/derived_data/2_Formatted/public/ALZ-IGAP.txt
Warning messages:
1: In SPLOT.run(objPZPLOT, objGWA) : EASY WARNING:
 There are 2 SNPs with Inf values on the x-axis being excluded for from the SPLOT for the rcd 
-log10(PVALUE) 
 and file 
 /disk/genetics4/PGS/Aysu/PGS_Repo_pipeline/derived_data/2_Formatted/public/ALZ-UKB_IGAP.txt
2: In SPLOT.run(objPZPLOT, objGWA) : EASY WARNING:
 There are 2 SNPs with Inf values on the y-axis being excluded for from the SPLOT for the rcd 
-log10(2*pnorm(abs(EFFECT/SE),lower.tail=FALSE)) 
 and file 
 /disk/genetics4/PGS/Aysu/PGS_Repo_pipeline/derived_data/2_Formatted/public/ALZ-UKB_IGAP.txt
3: In QQPLOT.run(objQQPLOT, objGWA) : EASY WARNING:
 There are 2 SNPs with P=0 being excluded from the QQ plot for file 
 /disk/genetics4/PGS/Aysu/PGS_Repo_pipeline/derived_data/2_Formatted/public/ALZ-UKB_IGAP.txt
Set directory to /disk/genetics4/PGS/Aysu/PGS_Repo_pipeline/derived_data/3_QCd/public/QC_CPD-TAG_2020_03_13 
Set directory to /disk/genetics4/PGS/Aysu/PGS_Repo_pipeline/derived_data/3_QCd/public/QC_Cannabis-ICC_2020_03_13 
FoundSet directory to  Set directory to/disk/genetics4/PGS/Aysu/PGS_Repo_pipeline/derived_data/3_QCd/public/QC_AFBpooled-Barban_2020_03_131   /disk/genetics4/PGS/Aysu/PGS_Repo_pipeline/derived_data/3_QCd/public/QC_BMI-Locke_2020_03_13
files to process 
 
[1] "CLEANED.CPD-TAG.gz"
-----------------------------------------
QC Step 2 for /disk/genetics4/PGS/Aysu/PGS_Repo_pipeline/derived_data/3_QCd/public/QC_CPD-TAG_2020_03_13[1] "2020-03-13"
Found 1 files to process 
-----------------------------------------

[1] "CLEANED.Cannabis-ICC.gz"
Loading reference file: /var/genetics/ukb/linner/EA3/EasyQC_HRC/EASYQC.ALLELE_FREQUENCY.MAPFILE.HRC.chr1_22_X.LET.FLIPPED_ALLELE_1000G+UK10K.txt 
-----------------------------------------
QC Step 2 for /disk/genetics4/PGS/Aysu/PGS_Repo_pipeline/derived_data/3_QCd/public/QC_Cannabis-ICC_2020_03_13Found 1 files to process 
[1][1] "CLEANED.BMI-Locke.gz"
 "2020-03-13"
-----------------------------------------

Found 1 files to process 
-----------------------------------------
QC Step 2 for /disk/genetics4/PGS/Aysu/PGS_Repo_pipeline/derived_data/3_QCd/public/QC_BMI-Locke_2020_03_13[1] "CLEANED.AFBpooled-Barban.gz"
Loading reference file: /var/genetics/ukb/linner/EA3/EasyQC_HRC/EASYQC.ALLELE_FREQUENCY.MAPFILE.HRC.chr1_22_X.LET.FLIPPED_ALLELE_1000G+UK10K.txt 
-----------------------------------------
QC Step 2 for /disk/genetics4/PGS/Aysu/PGS_Repo_pipeline/derived_data/3_QCd/public/QC_AFBpooled-Barban_2020_03_13[1] "2020-03-13"
-----------------------------------------

[1] "2020-03-13"
Loading reference file: /var/genetics/ukb/linner/EA3/EasyQC_HRC/EASYQC.ALLELE_FREQUENCY.MAPFILE.HRC.chr1_22_X.LET.FLIPPED_ALLELE_1000G+UK10K.txt 
-----------------------------------------

Loading reference file: /var/genetics/ukb/linner/EA3/EasyQC_HRC/EASYQC.ALLELE_FREQUENCY.MAPFILE.HRC.chr1_22_X.LET.FLIPPED_ALLELE_1000G+UK10K.txt 
Set directory to /disk/genetics4/PGS/Aysu/PGS_Repo_pipeline/derived_data/3_QCd/public/QC_AFBwomen-Barban_2020_03_13 
Found 1 files to process 
[1] "CLEANED.AFBwomen-Barban.gz"
-----------------------------------------
QC Step 2 for /disk/genetics4/PGS/Aysu/PGS_Repo_pipeline/derived_data/3_QCd/public/QC_AFBwomen-Barban_2020_03_13[1] "2020-03-13"
-----------------------------------------

Loading reference file: /var/genetics/ukb/linner/EA3/EasyQC_HRC/EASYQC.ALLELE_FREQUENCY.MAPFILE.HRC.chr1_22_X.LET.FLIPPED_ALLELE_1000G+UK10K.txt 
Set directory to /disk/genetics4/PGS/Aysu/PGS_Repo_pipeline/derived_data/3_QCd/public/QC_Cannabis-Demontis_2020_03_13 
Set directory to /disk/genetics4/PGS/Aysu/PGS_Repo_pipeline/derived_data/3_QCd/public/QC_ADHD-Demontis_2020_03_13 
FoundSet directory to  /disk/genetics4/PGS/Aysu/PGS_Repo_pipeline/derived_data/3_QCd/public/QC_1_public_sumstats_2020_03_13 1
 files to process 
[1]FoundSet directory to "CLEANED.Cannabis-Demontis.gz" 
 /disk/genetics4/PGS/Aysu/PGS_Repo_pipeline/derived_data/3_QCd/public/QC_ALZ-IGAP_2020_03_13 1 
files to process 
Set directory to /disk/genetics4/PGS/Aysu/PGS_Repo_pipeline/derived_data/3_QCd/public/QC_ALZ-UKB_IGAP_2020_03_13 
[1] "CLEANED.ADHD-Demontis.gz"
-----------------------------------------
QC Step 2 for /disk/genetics4/PGS/Aysu/PGS_Repo_pipeline/derived_data/3_QCd/public/QC_Cannabis-Demontis_2020_03_13-----------------------------------------
QC Step 2 for /disk/genetics4/PGS/Aysu/PGS_Repo_pipeline/derived_data/3_QCd/public/QC_ADHD-Demontis_2020_03_13[1] "2020-03-13"
-----------------------------------------
[1] "2020-03-13"

-----------------------------------------

Loading reference file: /var/genetics/ukb/linner/EA3/EasyQC_HRC/EASYQC.ALLELE_FREQUENCY.MAPFILE.HRC.chr1_22_X.LET.FLIPPED_ALLELE_1000G+UK10K.txt 
Loading reference file: /var/genetics/ukb/linner/EA3/EasyQC_HRC/EASYQC.ALLELE_FREQUENCY.MAPFILE.HRC.chr1_22_X.LET.FLIPPED_ALLELE_1000G+UK10K.txt 
Set directory to Set directory to/disk/genetics4/PGS/Aysu/PGS_Repo_pipeline/derived_data/3_QCd/public/QC_AgeFirstMenses-Day_2020_03_13  
/disk/genetics4/PGS/Aysu/PGS_Repo_pipeline/derived_data/3_QCd/public/QC_AFBmen-Barban_2020_03_13 
Error: No files found that match 'CLEANED...gz'. 
FoundExecution halted
 1 files to process 
FoundSet directory to  Set directory to/disk/genetics4/PGS/Aysu/PGS_Repo_pipeline/derived_data/3_QCd/public/QC_AstEczRhi-Ferreira_2020_03_131   /disk/genetics4/PGS/Aysu/PGS_Repo_pipeline/derived_data/3_QCd/public/QC_AgeFirstMenses-Perry_2020_03_13
files to process 
 
[1] "CLEANED.ALZ-IGAP.gz"
[1] "CLEANED.ALZ-UKB_IGAP.gz"
-----------------------------------------
QC Step 2 for /disk/genetics4/PGS/Aysu/PGS_Repo_pipeline/derived_data/3_QCd/public/QC_ALZ-IGAP_2020_03_13-----------------------------------------
QC Step 2 for /disk/genetics4/PGS/Aysu/PGS_Repo_pipeline/derived_data/3_QCd/public/QC_ALZ-UKB_IGAP_2020_03_13[1] "2020-03-13"
-----------------------------------------

Loading reference file: /var/genetics/ukb/linner/EA3/EasyQC_HRC/EASYQC.ALLELE_FREQUENCY.MAPFILE.HRC.chr1_22_X.LET.FLIPPED_ALLELE_1000G+UK10K.txt 
[1] "2020-03-13"
-----------------------------------------

Loading reference file: /var/genetics/ukb/linner/EA3/EasyQC_HRC/EASYQC.ALLELE_FREQUENCY.MAPFILE.HRC.chr1_22_X.LET.FLIPPED_ALLELE_1000G+UK10K.txt 
Found 1 files to process 
[1] "CLEANED.AgeFirstMenses-Day.gz"
-----------------------------------------
Found QC Step 2 for1  /disk/genetics4/PGS/Aysu/PGS_Repo_pipeline/derived_data/3_QCd/public/QC_AgeFirstMenses-Day_2020_03_13files to process 
Found 1 files to process 
[1] "CLEANED.AgeFirstMenses-Perry.gz"
[1] "CLEANED.AFBmen-Barban.gz"
-----------------------------------------
QC Step 2 for /disk/genetics4/PGS/Aysu/PGS_Repo_pipeline/derived_data/3_QCd/public/QC_AgeFirstMenses-Perry_2020_03_13[1] "2020-03-13"
-----------------------------------------
-----------------------------------------
QC Step 2 for /disk/genetics4/PGS/Aysu/PGS_Repo_pipeline/derived_data/3_QCd/public/QC_AFBmen-Barban_2020_03_13
Found 1 files to process 
[1] "2020-03-13"
Loading reference file: /var/genetics/ukb/linner/EA3/EasyQC_HRC/EASYQC.ALLELE_FREQUENCY.MAPFILE.HRC.chr1_22_X.LET.FLIPPED_ALLELE_1000G+UK10K.txt 
[1] "CLEANED.AstEczRhi-Ferreira.gz"
-----------------------------------------

Loading reference file: /var/genetics/ukb/linner/EA3/EasyQC_HRC/EASYQC.ALLELE_FREQUENCY.MAPFILE.HRC.chr1_22_X.LET.FLIPPED_ALLELE_1000G+UK10K.txt 
-----------------------------------------
QC Step 2 for[1] /disk/genetics4/PGS/Aysu/PGS_Repo_pipeline/derived_data/3_QCd/public/QC_AstEczRhi-Ferreira_2020_03_13 "2020-03-13"
-----------------------------------------

Loading reference file: /var/genetics/ukb/linner/EA3/EasyQC_HRC/EASYQC.ALLELE_FREQUENCY.MAPFILE.HRC.chr1_22_X.LET.FLIPPED_ALLELE_1000G+UK10K.txt 
[1] "2020-03-13"
-----------------------------------------

Loading reference file: /var/genetics/ukb/linner/EA3/EasyQC_HRC/EASYQC.ALLELE_FREQUENCY.MAPFILE.HRC.chr1_22_X.LET.FLIPPED_ALLELE_1000G+UK10K.txt 
Loading GWAS data CLEANED.AFBmen-Barban.gz 
Taking input= as a system command ('gzip -cd CLEANED.AFBmen-Barban.gz') and a variable has been used in the expression passed to `input=`. Please use fread(cmd=...). There is a security concern if you are creating an app, and the app could have a malicious user, and the app is not running in a secure environment; e.g. the app is running as root. Please read item 5 in the NEWS file for v1.11.6 for more information and for the option to suppress this message.
Loading GWAS data CLEANED.AFBwomen-Barban.gz 
Taking input= as a system command ('gzip -cd CLEANED.AFBwomen-Barban.gz') and a variable has been used in the expression passed to `input=`. Please use fread(cmd=...). There is a security concern if you are creating an app, and the app could have a malicious user, and the app is not running in a secure environment; e.g. the app is running as root. Please read item 5 in the NEWS file for v1.11.6 for more information and for the option to suppress this message.
Loading GWAS data CLEANED.Cannabis-ICC.gz 
Taking input= as a system command ('gzip -cd CLEANED.Cannabis-ICC.gz') and a variable has been used in the expression passed to `input=`. Please use fread(cmd=...). There is a security concern if you are creating an app, and the app could have a malicious user, and the app is not running in a secure environment; e.g. the app is running as root. Please read item 5 in the NEWS file for v1.11.6 for more information and for the option to suppress this message.
Loading GWAS data CLEANED.ALZ-UKB_IGAP.gz 
Taking input= as a system command ('gzip -cd CLEANED.ALZ-UKB_IGAP.gz') and a variable has been used in the expression passed to `input=`. Please use fread(cmd=...). There is a security concern if you are creating an app, and the app could have a malicious user, and the app is not running in a secure environment; e.g. the app is running as root. Please read item 5 in the NEWS file for v1.11.6 for more information and for the option to suppress this message.
Loading GWAS data CLEANED.AstEczRhi-Ferreira.gz 
Taking input= as a system command ('gzip -cd CLEANED.AstEczRhi-Ferreira.gz') and a variable has been used in the expression passed to `input=`. Please use fread(cmd=...). There is a security concern if you are creating an app, and the app could have a malicious user, and the app is not running in a secure environment; e.g. the app is running as root. Please read item 5 in the NEWS file for v1.11.6 for more information and for the option to suppress this message.
Loading GWAS data CLEANED.AFBpooled-Barban.gz 
Taking input= as a system command ('gzip -cd CLEANED.AFBpooled-Barban.gz') and a variable has been used in the expression passed to `input=`. Please use fread(cmd=...). There is a security concern if you are creating an app, and the app could have a malicious user, and the app is not running in a secure environment; e.g. the app is running as root. Please read item 5 in the NEWS file for v1.11.6 for more information and for the option to suppress this message.
Loading GWAS data CLEANED.AgeFirstMenses-Perry.gz 
Taking input= as a system command ('gzip -cd CLEANED.AgeFirstMenses-Perry.gz') and a variable has been used in the expression passed to `input=`. Please use fread(cmd=...). There is a security concern if you are creating an app, and the app could have a malicious user, and the app is not running in a secure environment; e.g. the app is running as root. Please read item 5 in the NEWS file for v1.11.6 for more information and for the option to suppress this message.
Loading GWAS data CLEANED.ALZ-IGAP.gz 
Taking input= as a system command ('gzip -cd CLEANED.ALZ-IGAP.gz') and a variable has been used in the expression passed to `input=`. Please use fread(cmd=...). There is a security concern if you are creating an app, and the app could have a malicious user, and the app is not running in a secure environment; e.g. the app is running as root. Please read item 5 in the NEWS file for v1.11.6 for more information and for the option to suppress this message.
Loading GWAS data CLEANED.AgeFirstMenses-Day.gz 
Taking input= as a system command ('gzip -cd CLEANED.AgeFirstMenses-Day.gz') and a variable has been used in the expression passed to `input=`. Please use fread(cmd=...). There is a security concern if you are creating an app, and the app could have a malicious user, and the app is not running in a secure environment; e.g. the app is running as root. Please read item 5 in the NEWS file for v1.11.6 for more information and for the option to suppress this message.
Loading GWAS data CLEANED.Cannabis-Demontis.gz 
Taking input= as a system command ('gzip -cd CLEANED.Cannabis-Demontis.gz') and a variable has been used in the expression passed to `input=`. Please use fread(cmd=...). There is a security concern if you are creating an app, and the app could have a malicious user, and the app is not running in a secure environment; e.g. the app is running as root. Please read item 5 in the NEWS file for v1.11.6 for more information and for the option to suppress this message.
Loading GWAS data CLEANED.BMI-Locke.gz 
Taking input= as a system command ('gzip -cd CLEANED.BMI-Locke.gz') and a variable has been used in the expression passed to `input=`. Please use fread(cmd=...). There is a security concern if you are creating an app, and the app could have a malicious user, and the app is not running in a secure environment; e.g. the app is running as root. Please read item 5 in the NEWS file for v1.11.6 for more information and for the option to suppress this message.
Plotting SEN ... 

Call:
lm(formula = SE ~ 0 + SE_reg, data = datasample)

Residuals:
Loading GWAS data CLEANED.ADHD-Demontis.gz 
Taking input= as a system command ('gzip -cd CLEANED.ADHD-Demontis.gz') and a variable has been used in the expression passed to `input=`. Please use fread(cmd=...). There is a security concern if you are creating an app, and the app could have a malicious user, and the app is not running in a secure environment; e.g. the app is running as root. Please read item 5 in the NEWS file for v1.11.6 for more information and for the option to suppress this message.
       Min         1Q     Median         3Q        Max 
-5.421e-08 -4.396e-09 -9.020e-10  2.093e-09  4.600e-08 

Coefficients:
        Estimate Std. Error   t value Pr(>|t|)    
SE_reg 1.000e+00  3.644e-09 274433268   <2e-16 ***
---
Signif. codes:  0 ‘***’ 0.001 ‘**’ 0.01 ‘*’ 0.05 ‘.’ 0.1 ‘ ’ 1

Residual standard error: 1.709e-08 on 199999 degrees of freedom
Multiple R-squared:      1,	Adjusted R-squared:      1 
F-statistic: 7.531e+16 on 1 and 199999 DF,  p-value: < 2.2e-16

Loading GWAS data CLEANED.CPD-TAG.gz 
Taking input= as a system command ('gzip -cd CLEANED.CPD-TAG.gz') and a variable has been used in the expression passed to `input=`. Please use fread(cmd=...). There is a security concern if you are creating an app, and the app could have a malicious user, and the app is not running in a secure environment; e.g. the app is running as root. Please read item 5 in the NEWS file for v1.11.6 for more information and for the option to suppress this message.
Plotting SEN ... 

Call:
lm(formula = SE ~ 0 + SE_reg, data = datasample)

Residuals:
       Min         1Q     Median         3Q        Max 
-4.390e-08 -8.960e-10  7.340e-10  3.042e-09  4.740e-08 

Coefficients:
       Estimate Std. Error   t value Pr(>|t|)    
SE_reg 1.00e+00   3.27e-09 305826578   <2e-16 ***
---
Signif. codes:  0 ‘***’ 0.001 ‘**’ 0.01 ‘*’ 0.05 ‘.’ 0.1 ‘ ’ 1

Residual standard error: 7.96e-09 on 199999 degrees of freedom
Multiple R-squared:      1,	Adjusted R-squared:      1 
F-statistic: 9.353e+16 on 1 and 199999 DF,  p-value: < 2.2e-16

Plotting SEN ... 

Call:
lm(formula = SE ~ 0 + SE_reg, data = datasample)

Residuals:
       Min         1Q     Median         3Q        Max 
-5.519e-08 -4.969e-09 -2.923e-09  4.610e-10  4.265e-08 

Coefficients:
        Estimate Std. Error   t value Pr(>|t|)    
SE_reg 1.000e+00  3.658e-09 273348290   <2e-16 ***
---
Signif. codes:  0 ‘***’ 0.001 ‘**’ 0.01 ‘*’ 0.05 ‘.’ 0.1 ‘ ’ 1

Residual standard error: 7.692e-09 on 199999 degrees of freedom
Multiple R-squared:      1,	Adjusted R-squared:      1 
F-statistic: 7.472e+16 on 1 and 199999 DF,  p-value: < 2.2e-16

Plotting SEN ... 

Call:
lm(formula = SE ~ 0 + SE_reg, data = datasample)

Residuals:
      Min        1Q    Median        3Q       Max 
-0.022276 -0.000550 -0.000255  0.000235  0.035327 

Coefficients:
        Estimate Std. Error t value Pr(>|t|)    
SE_reg 1.5622030  0.0007865    1986   <2e-16 ***
---
Signif. codes:  0 ‘***’ 0.001 ‘**’ 0.01 ‘*’ 0.05 ‘.’ 0.1 ‘ ’ 1

Residual standard error: 0.002304 on 199999 degrees of freedom
Multiple R-squared:  0.9517,	Adjusted R-squared:  0.9517 
F-statistic: 3.945e+06 on 1 and 199999 DF,  p-value: < 2.2e-16

Plotting SEN ... 

Call:
lm(formula = SE ~ 0 + SE_reg, data = datasample)

Residuals:
      Min        1Q    Median        3Q       Max 
-0.018403 -0.000406 -0.000208  0.000012  0.081195 

Coefficients:
        Estimate Std. Error t value Pr(>|t|)    
SE_reg 1.3504872  0.0006842    1974   <2e-16 ***
---
Signif. codes:  0 ‘***’ 0.001 ‘**’ 0.01 ‘*’ 0.05 ‘.’ 0.1 ‘ ’ 1

Residual standard error: 0.00152 on 199999 degrees of freedom
Multiple R-squared:  0.9512,	Adjusted R-squared:  0.9512 
F-statistic: 3.896e+06 on 1 and 199999 DF,  p-value: < 2.2e-16

Plotting SEN ... 

Call:
lm(formula = SE ~ 0 + SE_reg, data = datasample)

Residuals:
    Min      1Q  Median      3Q     Max 
-0.2217 -0.0712 -0.0560 -0.0508  9.8521 

Coefficients:
       Estimate Std. Error t value Pr(>|t|)    
SE_reg 18.35460    0.04867   377.2   <2e-16 ***
---
Signif. codes:  0 ‘***’ 0.001 ‘**’ 0.01 ‘*’ 0.05 ‘.’ 0.1 ‘ ’ 1

Residual standard error: 0.2618 on 199999 degrees of freedom
Multiple R-squared:  0.4156,	Adjusted R-squared:  0.4156 
F-statistic: 1.422e+05 on 1 and 199999 DF,  p-value: < 2.2e-16

Plotting Manhattan SE ... 
Plotting Manhattan SE ... 
Plotting Manhattan SE ... 
Plotting SEN ... 

Call:
lm(formula = SE ~ 0 + SE_reg, data = datasample)

Residuals:
Plotting Manhattan SE ... 
      Min        1Q    Median        3Q       Max 
-0.075697 -0.004030 -0.003134 -0.002096  0.128008 

Coefficients:
       Estimate Std. Error t value Pr(>|t|)    
SE_reg 3.576244   0.001977    1809   <2e-16 ***
---
Signif. codes:  0 ‘***’ 0.001 ‘**’ 0.01 ‘*’ 0.05 ‘.’ 0.1 ‘ ’ 1

Residual standard error: 0.008985 on 199999 degrees of freedom
Multiple R-squared:  0.9424,	Adjusted R-squared:  0.9424 
F-statistic: 3.272e+06 on 1 and 199999 DF,  p-value: < 2.2e-16

Plotting SEN ... 

Call:
lm(formula = SE ~ 0 + SE_reg, data = datasample)

Residuals:
      Min        1Q    Median        3Q       Max 
-0.015155 -0.000799 -0.000408 -0.000106  0.084985 

Coefficients:
        Estimate Std. Error t value Pr(>|t|)    
SE_reg 2.1267540  0.0009808    2168   <2e-16 ***
---
Signif. codes:  0 ‘***’ 0.001 ‘**’ 0.01 ‘*’ 0.05 ‘.’ 0.1 ‘ ’ 1

Residual standard error: 0.002894 on 199999 degrees of freedom
Multiple R-squared:  0.9592,	Adjusted R-squared:  0.9592 
F-statistic: 4.702e+06 on 1 and 199999 DF,  p-value: < 2.2e-16

Plotting SEN ... 

Call:
lm(formula = SE ~ 0 + SE_reg, data = datasample)

Residuals:
     Min       1Q   Median       3Q      Max 
-0.00365 -0.00175 -0.00135 -0.00110  0.51835 

Coefficients:
       Estimate Std. Error t value Pr(>|t|)    
SE_reg 1.345901   0.002121   634.6   <2e-16 ***
---
Signif. codes:  0 ‘***’ 0.001 ‘**’ 0.01 ‘*’ 0.05 ‘.’ 0.1 ‘ ’ 1

Residual standard error: 0.01578 on 199999 degrees of freedom
Multiple R-squared:  0.6682,	Adjusted R-squared:  0.6682 
F-statistic: 4.028e+05 on 1 and 199999 DF,  p-value: < 2.2e-16

Plotting SEN ... 
Plotting SEN ... 

Call:
lm(formula = SE ~ 0 + SE_reg, data = datasample)

Residuals:

Call:
lm(formula = SE ~ 0 + SE_reg, data = datasample)

Residuals:
      Min        1Q    Median        3Q       Max 
-0.127067 -0.002590 -0.001512  0.000665  0.149282 

Coefficients:
       Estimate Std. Error t value Pr(>|t|)    
SE_reg 5.250946   0.001593    3295   <2e-16 ***
---
Signif. codes:  0 ‘***’ 0.001 ‘**’ 0.01 ‘*’ 0.05 ‘.’ 0.1 ‘ ’ 1

Residual standard error: 0.009175 on 199999 degrees of freedom
Multiple R-squared:  0.9819,	Adjusted R-squared:  0.9819 
F-statistic: 1.086e+07 on 1 and 199999 DF,  p-value: < 2.2e-16

Plotting SEN ... 
      Min        1Q    Median        3Q       Max 
-0.020696 -0.001476 -0.001050 -0.000812  0.152309 

Coefficients:
Plotting Manhattan SE ... 
       Estimate Std. Error t value Pr(>|t|)    
SE_reg 1.861787   0.001863   999.6   <2e-16 ***
---
Signif. codes:  0 ‘***’ 0.001 ‘**’ 0.01 ‘*’ 0.05 ‘.’ 0.1 ‘ ’ 1

Residual standard error: 0.005285 on 199999 degrees of freedom
Multiple R-squared:  0.8332,	Adjusted R-squared:  0.8332 
F-statistic: 9.992e+05 on 1 and 199999 DF,  p-value: < 2.2e-16


Call:
lm(formula = SE ~ 0 + SE_reg, data = datasample)

Residuals:
      Min        1Q    Median        3Q       Max 
-0.040941 -0.001727 -0.001187 -0.000690  0.040281 

Coefficients:
       Estimate Std. Error t value Pr(>|t|)    
SE_reg  6.42263    0.00197    3261   <2e-16 ***
---
Signif. codes:  0 ‘***’ 0.001 ‘**’ 0.01 ‘*’ 0.05 ‘.’ 0.1 ‘ ’ 1

Residual standard error: 0.004077 on 199999 degrees of freedom
Multiple R-squared:  0.9815,	Adjusted R-squared:  0.9815 
F-statistic: 1.063e+07 on 1 and 199999 DF,  p-value: < 2.2e-16

Plotting SEN ... 

Call:
lm(formula = SE ~ 0 + SE_reg, data = datasample)

Residuals:
      Min        1Q    Median        3Q       Max 
-0.057599 -0.001006 -0.000617  0.000155  0.038915 

Coefficients:
        Estimate Std. Error t value Pr(>|t|)    
SE_reg 2.3637130  0.0006304    3749   <2e-16 ***
---
Signif. codes:  0 ‘***’ 0.001 ‘**’ 0.01 ‘*’ 0.05 ‘.’ 0.1 ‘ ’ 1

Residual standard error: 0.003254 on 199999 degrees of freedom
Multiple R-squared:  0.986,	Adjusted R-squared:  0.986 
F-statistic: 1.406e+07 on 1 and 199999 DF,  p-value: < 2.2e-16

Plotting Manhattan SE ... 
Plotting Manhattan SE ... 
Plotting Manhattan SE ... 
Plotting Manhattan SE ... 
Plotting Manhattan SE ... 
Plotting Manhattan SE ... 
Plotting Manhattan SE ... 
Plotting Manhattan SE ... 
Loading required package: Cairo
Loading required package: Cairo
Loading required package: Cairo
Loading required package: Cairo
Loading required package: Cairo
Loading required package: Cairo
Loading required package: Cairo
Loading required package: Cairo
Loading required package: Cairo
Loading required package: Cairo
Loading required package: Cairo
Loading required package: Cairo
Loading required package: Cairo
Loading required package: plotrix
Loading required package: plotrix
Loading required package: plotrix
Loading required package: plotrix
Loading required package: plotrix
Loading required package: plotrix
Loading required package: plotrix
Loading required package: plotrix
Loading required package: plotrix
Loading required package: plotrix
Loading required package: plotrix
Loading required package: plotrix
Loading required package: plotrix
Loading required package: data.table
Loading required package: data.table
Loading required package: data.table
Loading required package: data.table
Loading required package: data.table
Loading required package: data.table
Loading required package: data.table
Loading required package: data.table
Loading required package: data.table
Loading required package: data.table
Loading required package: data.table
Loading required package: data.table
Loading required package: data.table
Taking input= as a system command ('grep -v '#' ~/tmp.NEBpooled-Barban.lnk') and a variable has been used in the expression passed to `input=`. Please use fread(cmd=...). There is a security concern if you are creating an app, and the app could have a malicious user, and the app is not running in a secure environment; e.g. the app is running as root. Please read item 5 in the NEWS file for v1.11.6 for more information and for the option to suppress this message.
Taking input= as a system command ('grep -v '#' ~/tmp.EA-LeeExclPGSrepo.lnk') and a variable has been used in the expression passed to `input=`. Please use fread(cmd=...). There is a security concern if you are creating an app, and the app could have a malicious user, and the app is not running in a secure environment; e.g. the app is running as root. Please read item 5 in the NEWS file for v1.11.6 for more information and for the option to suppress this message.
Taking input= as a system command ('grep -v '#' ~/tmp.NEBwomen-Barban.lnk') and a variable has been used in the expression passed to `input=`. Please use fread(cmd=...). There is a security concern if you are creating an app, and the app could have a malicious user, and the app is not running in a secure environment; e.g. the app is running as root. Please read item 5 in the NEWS file for v1.11.6 for more information and for the option to suppress this message.
Taking input= as a system command ('grep -v '#' ~/tmp.NEURO-GPC2.lnk') and a variable has been used in the expression passed to `input=`. Please use fread(cmd=...). There is a security concern if you are creating an app, and the app could have a malicious user, and the app is not running in a secure environment; e.g. the app is running as root. Please read item 5 in the NEWS file for v1.11.6 for more information and for the option to suppress this message.
Taking input= as a system command ('grep -v '#' ~/tmp.Risk-Linner.lnk') and a variable has been used in the expression passed to `input=`. Please use fread(cmd=...). There is a security concern if you are creating an app, and the app could have a malicious user, and the app is not running in a secure environment; e.g. the app is running as root. Please read item 5 in the NEWS file for v1.11.6 for more information and for the option to suppress this message.
Taking input= as a system command ('grep -v '#' ~/tmp.IQ-COGENT.lnk') and a variable has been used in the expression passed to `input=`. Please use fread(cmd=...). There is a security concern if you are creating an app, and the app could have a malicious user, and the app is not running in a secure environment; e.g. the app is running as root. Please read item 5 in the NEWS file for v1.11.6 for more information and for the option to suppress this message.
Taking input= as a system command ('grep -v '#' ~/tmp.Extraversion-GPC2.lnk') and a variable has been used in the expression passed to `input=`. Please use fread(cmd=...). There is a security concern if you are creating an app, and the app could have a malicious user, and the app is not running in a secure environment; e.g. the app is running as root. Please read item 5 in the NEWS file for v1.11.6 for more information and for the option to suppress this message.
Taking input= as a system command ('grep -v '#' ~/tmp.DEP-UKBGERA.lnk') and a variable has been used in the expression passed to `input=`. Please use fread(cmd=...). There is a security concern if you are creating an app, and the app could have a malicious user, and the app is not running in a secure environment; e.g. the app is running as root. Please read item 5 in the NEWS file for v1.11.6 for more information and for the option to suppress this message.
Taking input= as a system command ('grep -v '#' ~/tmp.EA-LeeExclUKB.lnk') and a variable has been used in the expression passed to `input=`. Please use fread(cmd=...). There is a security concern if you are creating an app, and the app could have a malicious user, and the app is not running in a secure environment; e.g. the app is running as root. Please read item 5 in the NEWS file for v1.11.6 for more information and for the option to suppress this message.
Taking input= as a system command ('grep -v '#' ~/tmp.IQ-UKB.lnk') and a variable has been used in the expression passed to `input=`. Please use fread(cmd=...). There is a security concern if you are creating an app, and the app could have a malicious user, and the app is not running in a secure environment; e.g. the app is running as root. Please read item 5 in the NEWS file for v1.11.6 for more information and for the option to suppress this message.
Taking input= as a system command ('grep -v '#' ~/tmp.NEBmen-Barban.lnk') and a variable has been used in the expression passed to `input=`. Please use fread(cmd=...). There is a security concern if you are creating an app, and the app could have a malicious user, and the app is not running in a secure environment; e.g. the app is running as root. Please read item 5 in the NEWS file for v1.11.6 for more information and for the option to suppress this message.
Taking input= as a system command ('grep -v '#' ~/tmp.Eversmoke-TAG.lnk') and a variable has been used in the expression passed to `input=`. Please use fread(cmd=...). There is a security concern if you are creating an app, and the app could have a malicious user, and the app is not running in a secure environment; e.g. the app is running as root. Please read item 5 in the NEWS file for v1.11.6 for more information and for the option to suppress this message.
Taking input= as a system command ('grep -v '#' ~/tmp.Height-Wood.lnk') and a variable has been used in the expression passed to `input=`. Please use fread(cmd=...). There is a security concern if you are creating an app, and the app could have a malicious user, and the app is not running in a secure environment; e.g. the app is running as root. Please read item 5 in the NEWS file for v1.11.6 for more information and for the option to suppress this message.
Taking input= as a system command ('grep -v '#' ~/tmp.HRC.r1-1.GRCh37.wgs.mac5.sites.tab.rsid_map.lnk') and a variable has been used in the expression passed to `input=`. Please use fread(cmd=...). There is a security concern if you are creating an app, and the app could have a malicious user, and the app is not running in a secure environment; e.g. the app is running as root. Please read item 5 in the NEWS file for v1.11.6 for more information and for the option to suppress this message.
Taking input= as a system command ('grep -v '#' ~/tmp.HRC.r1-1.GRCh37.wgs.mac5.sites.tab.rsid_map.lnk') and a variable has been used in the expression passed to `input=`. Please use fread(cmd=...). There is a security concern if you are creating an app, and the app could have a malicious user, and the app is not running in a secure environment; e.g. the app is running as root. Please read item 5 in the NEWS file for v1.11.6 for more information and for the option to suppress this message.
Taking input= as a system command ('grep -v '#' ~/tmp.HRC.r1-1.GRCh37.wgs.mac5.sites.tab.rsid_map.lnk') and a variable has been used in the expression passed to `input=`. Please use fread(cmd=...). There is a security concern if you are creating an app, and the app could have a malicious user, and the app is not running in a secure environment; e.g. the app is running as root. Please read item 5 in the NEWS file for v1.11.6 for more information and for the option to suppress this message.
Taking input= as a system command ('grep -v '#' ~/tmp.HRC.r1-1.GRCh37.wgs.mac5.sites.tab.rsid_map.lnk') and a variable has been used in the expression passed to `input=`. Please use fread(cmd=...). There is a security concern if you are creating an app, and the app could have a malicious user, and the app is not running in a secure environment; e.g. the app is running as root. Please read item 5 in the NEWS file for v1.11.6 for more information and for the option to suppress this message.
Taking input= as a system command ('grep -v '#' ~/tmp.HRC.r1-1.GRCh37.wgs.mac5.sites.tab.rsid_map.lnk') and a variable has been used in the expression passed to `input=`. Please use fread(cmd=...). There is a security concern if you are creating an app, and the app could have a malicious user, and the app is not running in a secure environment; e.g. the app is running as root. Please read item 5 in the NEWS file for v1.11.6 for more information and for the option to suppress this message.
Taking input= as a system command ('grep -v '#' ~/tmp.HRC.r1-1.GRCh37.wgs.mac5.sites.tab.rsid_map.lnk') and a variable has been used in the expression passed to `input=`. Please use fread(cmd=...). There is a security concern if you are creating an app, and the app could have a malicious user, and the app is not running in a secure environment; e.g. the app is running as root. Please read item 5 in the NEWS file for v1.11.6 for more information and for the option to suppress this message.
Taking input= as a system command ('grep -v '#' ~/tmp.HRC.r1-1.GRCh37.wgs.mac5.sites.tab.rsid_map.lnk') and a variable has been used in the expression passed to `input=`. Please use fread(cmd=...). There is a security concern if you are creating an app, and the app could have a malicious user, and the app is not running in a secure environment; e.g. the app is running as root. Please read item 5 in the NEWS file for v1.11.6 for more information and for the option to suppress this message.
Taking input= as a system command ('grep -v '#' ~/tmp.HRC.r1-1.GRCh37.wgs.mac5.sites.tab.rsid_map.lnk') and a variable has been used in the expression passed to `input=`. Please use fread(cmd=...). There is a security concern if you are creating an app, and the app could have a malicious user, and the app is not running in a secure environment; e.g. the app is running as root. Please read item 5 in the NEWS file for v1.11.6 for more information and for the option to suppress this message.
Taking input= as a system command ('grep -v '#' ~/tmp.HRC.r1-1.GRCh37.wgs.mac5.sites.tab.rsid_map.lnk') and a variable has been used in the expression passed to `input=`. Please use fread(cmd=...). There is a security concern if you are creating an app, and the app could have a malicious user, and the app is not running in a secure environment; e.g. the app is running as root. Please read item 5 in the NEWS file for v1.11.6 for more information and for the option to suppress this message.
Taking input= as a system command ('grep -v '#' ~/tmp.HRC.r1-1.GRCh37.wgs.mac5.sites.tab.rsid_map.lnk') and a variable has been used in the expression passed to `input=`. Please use fread(cmd=...). There is a security concern if you are creating an app, and the app could have a malicious user, and the app is not running in a secure environment; e.g. the app is running as root. Please read item 5 in the NEWS file for v1.11.6 for more information and for the option to suppress this message.
Taking input= as a system command ('gunzip -c ~/tmp.HRC.r1-1.GRCh37.wgs.mac5.sites.tab.cptid.maf001.gz.lnk | grep -v '#'') and a variable has been used in the expression passed to `input=`. Please use fread(cmd=...). There is a security concern if you are creating an app, and the app could have a malicious user, and the app is not running in a secure environment; e.g. the app is running as root. Please read item 5 in the NEWS file for v1.11.6 for more information and for the option to suppress this message.
Taking input= as a system command ('grep -v '#' ~/tmp.HRC.r1-1.GRCh37.wgs.mac5.sites.tab.rsid_map.lnk') and a variable has been used in the expression passed to `input=`. Please use fread(cmd=...). There is a security concern if you are creating an app, and the app could have a malicious user, and the app is not running in a secure environment; e.g. the app is running as root. Please read item 5 in the NEWS file for v1.11.6 for more information and for the option to suppress this message.
Taking input= as a system command ('grep -v '#' ~/tmp.HRC.r1-1.GRCh37.wgs.mac5.sites.tab.rsid_map.lnk') and a variable has been used in the expression passed to `input=`. Please use fread(cmd=...). There is a security concern if you are creating an app, and the app could have a malicious user, and the app is not running in a secure environment; e.g. the app is running as root. Please read item 5 in the NEWS file for v1.11.6 for more information and for the option to suppress this message.
Taking input= as a system command ('gunzip -c ~/tmp.HRC.r1-1.GRCh37.wgs.mac5.sites.tab.cptid.maf001.gz.lnk | grep -v '#'') and a variable has been used in the expression passed to `input=`. Please use fread(cmd=...). There is a security concern if you are creating an app, and the app could have a malicious user, and the app is not running in a secure environment; e.g. the app is running as root. Please read item 5 in the NEWS file for v1.11.6 for more information and for the option to suppress this message.
Taking input= as a system command ('gunzip -c ~/tmp.HRC.r1-1.GRCh37.wgs.mac5.sites.tab.cptid.maf001.gz.lnk | grep -v '#'') and a variable has been used in the expression passed to `input=`. Please use fread(cmd=...). There is a security concern if you are creating an app, and the app could have a malicious user, and the app is not running in a secure environment; e.g. the app is running as root. Please read item 5 in the NEWS file for v1.11.6 for more information and for the option to suppress this message.
Taking input= as a system command ('gunzip -c ~/tmp.HRC.r1-1.GRCh37.wgs.mac5.sites.tab.cptid.maf001.gz.lnk | grep -v '#'') and a variable has been used in the expression passed to `input=`. Please use fread(cmd=...). There is a security concern if you are creating an app, and the app could have a malicious user, and the app is not running in a secure environment; e.g. the app is running as root. Please read item 5 in the NEWS file for v1.11.6 for more information and for the option to suppress this message.
Taking input= as a system command ('gunzip -c ~/tmp.HRC.r1-1.GRCh37.wgs.mac5.sites.tab.cptid.maf001.gz.lnk | grep -v '#'') and a variable has been used in the expression passed to `input=`. Please use fread(cmd=...). There is a security concern if you are creating an app, and the app could have a malicious user, and the app is not running in a secure environment; e.g. the app is running as root. Please read item 5 in the NEWS file for v1.11.6 for more information and for the option to suppress this message.
Taking input= as a system command ('grep -v '#' ~/tmp.HRC.r1-1.GRCh37.wgs.mac5.sites.tab.rsid_map.lnk') and a variable has been used in the expression passed to `input=`. Please use fread(cmd=...). There is a security concern if you are creating an app, and the app could have a malicious user, and the app is not running in a secure environment; e.g. the app is running as root. Please read item 5 in the NEWS file for v1.11.6 for more information and for the option to suppress this message.
Taking input= as a system command ('gunzip -c ~/tmp.HRC.r1-1.GRCh37.wgs.mac5.sites.tab.cptid.maf001.gz.lnk | grep -v '#'') and a variable has been used in the expression passed to `input=`. Please use fread(cmd=...). There is a security concern if you are creating an app, and the app could have a malicious user, and the app is not running in a secure environment; e.g. the app is running as root. Please read item 5 in the NEWS file for v1.11.6 for more information and for the option to suppress this message.
Taking input= as a system command ('gunzip -c ~/tmp.HRC.r1-1.GRCh37.wgs.mac5.sites.tab.cptid.maf001.gz.lnk | grep -v '#'') and a variable has been used in the expression passed to `input=`. Please use fread(cmd=...). There is a security concern if you are creating an app, and the app could have a malicious user, and the app is not running in a secure environment; e.g. the app is running as root. Please read item 5 in the NEWS file for v1.11.6 for more information and for the option to suppress this message.
Taking input= as a system command ('gunzip -c ~/tmp.HRC.r1-1.GRCh37.wgs.mac5.sites.tab.cptid.maf001.gz.lnk | grep -v '#'') and a variable has been used in the expression passed to `input=`. Please use fread(cmd=...). There is a security concern if you are creating an app, and the app could have a malicious user, and the app is not running in a secure environment; e.g. the app is running as root. Please read item 5 in the NEWS file for v1.11.6 for more information and for the option to suppress this message.
Taking input= as a system command ('gunzip -c ~/tmp.HRC.r1-1.GRCh37.wgs.mac5.sites.tab.cptid.maf001.gz.lnk | grep -v '#'') and a variable has been used in the expression passed to `input=`. Please use fread(cmd=...). There is a security concern if you are creating an app, and the app could have a malicious user, and the app is not running in a secure environment; e.g. the app is running as root. Please read item 5 in the NEWS file for v1.11.6 for more information and for the option to suppress this message.
Taking input= as a system command ('gunzip -c ~/tmp.HRC.r1-1.GRCh37.wgs.mac5.sites.tab.cptid.maf001.gz.lnk | grep -v '#'') and a variable has been used in the expression passed to `input=`. Please use fread(cmd=...). There is a security concern if you are creating an app, and the app could have a malicious user, and the app is not running in a secure environment; e.g. the app is running as root. Please read item 5 in the NEWS file for v1.11.6 for more information and for the option to suppress this message.
Taking input= as a system command ('gunzip -c ~/tmp.HRC.r1-1.GRCh37.wgs.mac5.sites.tab.cptid.maf001.gz.lnk | grep -v '#'') and a variable has been used in the expression passed to `input=`. Please use fread(cmd=...). There is a security concern if you are creating an app, and the app could have a malicious user, and the app is not running in a secure environment; e.g. the app is running as root. Please read item 5 in the NEWS file for v1.11.6 for more information and for the option to suppress this message.
Taking input= as a system command ('gunzip -c ~/tmp.HRC.r1-1.GRCh37.wgs.mac5.sites.tab.cptid.maf001.gz.lnk | grep -v '#'') and a variable has been used in the expression passed to `input=`. Please use fread(cmd=...). There is a security concern if you are creating an app, and the app could have a malicious user, and the app is not running in a secure environment; e.g. the app is running as root. Please read item 5 in the NEWS file for v1.11.6 for more information and for the option to suppress this message.
Taking input= as a system command ('gunzip -c ~/tmp.HRC.r1-1.GRCh37.wgs.mac5.sites.tab.cptid.maf001.gz.lnk | grep -v '#'') and a variable has been used in the expression passed to `input=`. Please use fread(cmd=...). There is a security concern if you are creating an app, and the app could have a malicious user, and the app is not running in a secure environment; e.g. the app is running as root. Please read item 5 in the NEWS file for v1.11.6 for more information and for the option to suppress this message.
Warning message:
In SPLOT.run(objAC, objGWA) : EASY WARNING:
 There are no SNPs with non-missing values for the SPLOT of rcdSPlotX 'raf.ref' rcdSPlotY 'EAF' and the file 
 /disk/genetics4/PGS/Aysu/PGS_Repo_pipeline/derived_data/2_Formatted/public/Risk-Linner.txt
Warning message:
In SPLOT.run(objAC, objGWA) : EASY WARNING:
 There are no SNPs with non-missing values for the SPLOT of rcdSPlotX 'raf.ref' rcdSPlotY 'EAF' and the file 
 /disk/genetics4/PGS/Aysu/PGS_Repo_pipeline/derived_data/2_Formatted/public/DEP-UKBGERA.txt
Set directory to /disk/genetics4/PGS/Aysu/PGS_Repo_pipeline/derived_data/3_QCd/public/QC_EA-LeeExclUKB_2020_03_13 
Found 1 files to process 
[1] "CLEANED.EA-LeeExclUKB.gz"
-----------------------------------------
QC Step 2 for /disk/genetics4/PGS/Aysu/PGS_Repo_pipeline/derived_data/3_QCd/public/QC_EA-LeeExclUKB_2020_03_13[1] "2020-03-13"
-----------------------------------------

Loading reference file: /var/genetics/ukb/linner/EA3/EasyQC_HRC/EASYQC.ALLELE_FREQUENCY.MAPFILE.HRC.chr1_22_X.LET.FLIPPED_ALLELE_1000G+UK10K.txt 
Set directory to /disk/genetics4/PGS/Aysu/PGS_Repo_pipeline/derived_data/3_QCd/public/QC_Height-Wood_2020_03_13 
Set directory to /disk/genetics4/PGS/Aysu/PGS_Repo_pipeline/derived_data/3_QCd/public/QC_Risk-Linner_2020_03_13 
Set directory to /disk/genetics4/PGS/Aysu/PGS_Repo_pipeline/derived_data/3_QCd/public/QC_NEBpooled-Barban_2020_03_13 
Found 1 files to process 
[1] "CLEANED.Height-Wood.gz"
Found 1 files to process 
-----------------------------------------
[1]QC Step 2 for  "CLEANED.Risk-Linner.gz"/disk/genetics4/PGS/Aysu/PGS_Repo_pipeline/derived_data/3_QCd/public/QC_Height-Wood_2020_03_13
-----------------------------------------
QC Step 2 for /disk/genetics4/PGS/Aysu/PGS_Repo_pipeline/derived_data/3_QCd/public/QC_Risk-Linner_2020_03_13[1] "2020-03-13"
-----------------------------------------

[1] "2020-03-13"
-----------------------------------------

Loading reference file: /var/genetics/ukb/linner/EA3/EasyQC_HRC/EASYQC.ALLELE_FREQUENCY.MAPFILE.HRC.chr1_22_X.LET.FLIPPED_ALLELE_1000G+UK10K.txt 
Loading reference file: /var/genetics/ukb/linner/EA3/EasyQC_HRC/EASYQC.ALLELE_FREQUENCY.MAPFILE.HRC.chr1_22_X.LET.FLIPPED_ALLELE_1000G+UK10K.txt 
Found 1 files to process 
[1] "CLEANED.NEBpooled-Barban.gz"
-----------------------------------------
QC Step 2 for /disk/genetics4/PGS/Aysu/PGS_Repo_pipeline/derived_data/3_QCd/public/QC_NEBpooled-Barban_2020_03_13[1] "2020-03-13"
-----------------------------------------
Set directory to /disk/genetics4/PGS/Aysu/PGS_Repo_pipeline/derived_data/3_QCd/public/QC_NEURO-GPC2_2020_03_13 

Loading reference file: /var/genetics/ukb/linner/EA3/EasyQC_HRC/EASYQC.ALLELE_FREQUENCY.MAPFILE.HRC.chr1_22_X.LET.FLIPPED_ALLELE_1000G+UK10K.txt 
Found 1 files to process 
[1] "CLEANED.NEURO-GPC2.gz"
-----------------------------------------
QC Step 2 for /disk/genetics4/PGS/Aysu/PGS_Repo_pipeline/derived_data/3_QCd/public/QC_NEURO-GPC2_2020_03_13[1] "2020-03-13"
-----------------------------------------

Loading reference file: /var/genetics/ukb/linner/EA3/EasyQC_HRC/EASYQC.ALLELE_FREQUENCY.MAPFILE.HRC.chr1_22_X.LET.FLIPPED_ALLELE_1000G+UK10K.txt 
Set directory to /disk/genetics4/PGS/Aysu/PGS_Repo_pipeline/derived_data/3_QCd/public/QC_EA-LeeExclPGSrepo_2020_03_13 
Found 1 files to process 
[1] "CLEANED.EA-LeeExclPGSrepo.gz"
-----------------------------------------
QC Step 2 for /disk/genetics4/PGS/Aysu/PGS_Repo_pipeline/derived_data/3_QCd/public/QC_EA-LeeExclPGSrepo_2020_03_13[1] "2020-03-13"
-----------------------------------------

Loading reference file: /var/genetics/ukb/linner/EA3/EasyQC_HRC/EASYQC.ALLELE_FREQUENCY.MAPFILE.HRC.chr1_22_X.LET.FLIPPED_ALLELE_1000G+UK10K.txt 
Set directory to Set directory to/disk/genetics4/PGS/Aysu/PGS_Repo_pipeline/derived_data/3_QCd/public/QC_NEBmen-Barban_2020_03_13 
 /disk/genetics4/PGS/Aysu/PGS_Repo_pipeline/derived_data/3_QCd/public/QC_Eversmoke-TAG_2020_03_13 
Found Found1 files to process 
Set directory to  Set directory to/disk/genetics4/PGS/Aysu/PGS_Repo_pipeline/derived_data/3_QCd/public/QC_Extraversion-GPC2_2020_03_131   
/disk/genetics4/PGS/Aysu/PGS_Repo_pipeline/derived_data/3_QCd/public/QC_IQ-COGENT_2020_03_13files to process 
 
[1] "CLEANED.Eversmoke-TAG.gz"
[1] "CLEANED.NEBmen-Barban.gz"
-----------------------------------------
QC Step 2 for /disk/genetics4/PGS/Aysu/PGS_Repo_pipeline/derived_data/3_QCd/public/QC_Eversmoke-TAG_2020_03_13-----------------------------------------
[1]Set directory toSet directory toSet directory to  /disk/genetics4/PGS/Aysu/PGS_Repo_pipeline/derived_data/3_QCd/public/QC_IQ-UKB_2020_03_13/disk/genetics4/PGS/Aysu/PGS_Repo_pipeline/derived_data/3_QCd/public/QC_DEP-UKBGERA_2020_03_13 "2020-03-13"  


QC Step 2 for /disk/genetics4/PGS/Aysu/PGS_Repo_pipeline/derived_data/3_QCd/public/QC_NEBwomen-Barban_2020_03_13 
 /disk/genetics4/PGS/Aysu/PGS_Repo_pipeline/derived_data/3_QCd/public/QC_NEBmen-Barban_2020_03_13-----------------------------------------

Loading reference file: /var/genetics/ukb/linner/EA3/EasyQC_HRC/EASYQC.ALLELE_FREQUENCY.MAPFILE.HRC.chr1_22_X.LET.FLIPPED_ALLELE_1000G+UK10K.txt 
Found 1 files to process 
[1] "CLEANED.Extraversion-GPC2.gz"
-----------------------------------------
QC Step 2 for /disk/genetics4/PGS/Aysu/PGS_Repo_pipeline/derived_data/3_QCd/public/QC_Extraversion-GPC2_2020_03_13Found 1 files to process 
[1] "2020-03-13"
[1] "CLEANED.IQ-COGENT.gz"
-----------------------------------------
-----------------------------------------

QC Step 2 for /disk/genetics4/PGS/Aysu/PGS_Repo_pipeline/derived_data/3_QCd/public/QC_IQ-COGENT_2020_03_13[1] "2020-03-13"
-----------------------------------------

Loading reference file: /var/genetics/ukb/linner/EA3/EasyQC_HRC/EASYQC.ALLELE_FREQUENCY.MAPFILE.HRC.chr1_22_X.LET.FLIPPED_ALLELE_1000G+UK10K.txt 
Loading reference file: /var/genetics/ukb/linner/EA3/EasyQC_HRC/EASYQC.ALLELE_FREQUENCY.MAPFILE.HRC.chr1_22_X.LET.FLIPPED_ALLELE_1000G+UK10K.txt 
[1] "2020-03-13"
-----------------------------------------

Loading reference file: /var/genetics/ukb/linner/EA3/EasyQC_HRC/EASYQC.ALLELE_FREQUENCY.MAPFILE.HRC.chr1_22_X.LET.FLIPPED_ALLELE_1000G+UK10K.txt 
Found Found 1 files to process 
1 files to process 
Found 1 files to process 
[1][1] "CLEANED.NEBwomen-Barban.gz"
 "CLEANED.DEP-UKBGERA.gz"
[1] "CLEANED.IQ-UKB.gz"
-----------------------------------------
-----------------------------------------
QC Step 2 for /disk/genetics4/PGS/Aysu/PGS_Repo_pipeline/derived_data/3_QCd/public/QC_NEBwomen-Barban_2020_03_13QC Step 2 for /disk/genetics4/PGS/Aysu/PGS_Repo_pipeline/derived_data/3_QCd/public/QC_DEP-UKBGERA_2020_03_13-----------------------------------------
QC Step 2 for /disk/genetics4/PGS/Aysu/PGS_Repo_pipeline/derived_data/3_QCd/public/QC_IQ-UKB_2020_03_13[1] "2020-03-13"
[1] "2020-03-13"
-----------------------------------------
[1] "2020-03-13"

-----------------------------------------
-----------------------------------------


Loading reference file: /var/genetics/ukb/linner/EA3/EasyQC_HRC/EASYQC.ALLELE_FREQUENCY.MAPFILE.HRC.chr1_22_X.LET.FLIPPED_ALLELE_1000G+UK10K.txt 
Loading reference file: /var/genetics/ukb/linner/EA3/EasyQC_HRC/EASYQC.ALLELE_FREQUENCY.MAPFILE.HRC.chr1_22_X.LET.FLIPPED_ALLELE_1000G+UK10K.txt 
Loading reference file: /var/genetics/ukb/linner/EA3/EasyQC_HRC/EASYQC.ALLELE_FREQUENCY.MAPFILE.HRC.chr1_22_X.LET.FLIPPED_ALLELE_1000G+UK10K.txt 
Loading GWAS data CLEANED.Height-Wood.gz 
Taking input= as a system command ('gzip -cd CLEANED.Height-Wood.gz') and a variable has been used in the expression passed to `input=`. Please use fread(cmd=...). There is a security concern if you are creating an app, and the app could have a malicious user, and the app is not running in a secure environment; e.g. the app is running as root. Please read item 5 in the NEWS file for v1.11.6 for more information and for the option to suppress this message.
Loading GWAS data CLEANED.Extraversion-GPC2.gz 
Taking input= as a system command ('gzip -cd CLEANED.Extraversion-GPC2.gz') and a variable has been used in the expression passed to `input=`. Please use fread(cmd=...). There is a security concern if you are creating an app, and the app could have a malicious user, and the app is not running in a secure environment; e.g. the app is running as root. Please read item 5 in the NEWS file for v1.11.6 for more information and for the option to suppress this message.
Loading GWAS data CLEANED.Eversmoke-TAG.gz 
Taking input= as a system command ('gzip -cd CLEANED.Eversmoke-TAG.gz') and a variable has been used in the expression passed to `input=`. Please use fread(cmd=...). There is a security concern if you are creating an app, and the app could have a malicious user, and the app is not running in a secure environment; e.g. the app is running as root. Please read item 5 in the NEWS file for v1.11.6 for more information and for the option to suppress this message.
Loading GWAS data CLEANED.NEURO-GPC2.gz 
Taking input= as a system command ('gzip -cd CLEANED.NEURO-GPC2.gz') and a variable has been used in the expression passed to `input=`. Please use fread(cmd=...). There is a security concern if you are creating an app, and the app could have a malicious user, and the app is not running in a secure environment; e.g. the app is running as root. Please read item 5 in the NEWS file for v1.11.6 for more information and for the option to suppress this message.
Loading GWAS data CLEANED.EA-LeeExclUKB.gz 
Taking input= as a system command ('gzip -cd CLEANED.EA-LeeExclUKB.gz') and a variable has been used in the expression passed to `input=`. Please use fread(cmd=...). There is a security concern if you are creating an app, and the app could have a malicious user, and the app is not running in a secure environment; e.g. the app is running as root. Please read item 5 in the NEWS file for v1.11.6 for more information and for the option to suppress this message.
Loading GWAS data CLEANED.DEP-UKBGERA.gz 
Taking input= as a system command ('gzip -cd CLEANED.DEP-UKBGERA.gz') and a variable has been used in the expression passed to `input=`. Please use fread(cmd=...). There is a security concern if you are creating an app, and the app could have a malicious user, and the app is not running in a secure environment; e.g. the app is running as root. Please read item 5 in the NEWS file for v1.11.6 for more information and for the option to suppress this message.
Loading GWAS data CLEANED.EA-LeeExclPGSrepo.gz 
Taking input= as a system command ('gzip -cd CLEANED.EA-LeeExclPGSrepo.gz') and a variable has been used in the expression passed to `input=`. Please use fread(cmd=...). There is a security concern if you are creating an app, and the app could have a malicious user, and the app is not running in a secure environment; e.g. the app is running as root. Please read item 5 in the NEWS file for v1.11.6 for more information and for the option to suppress this message.
Loading GWAS data CLEANED.NEBpooled-Barban.gz 
Taking input= as a system command ('gzip -cd CLEANED.NEBpooled-Barban.gz') and a variable has been used in the expression passed to `input=`. Please use fread(cmd=...). There is a security concern if you are creating an app, and the app could have a malicious user, and the app is not running in a secure environment; e.g. the app is running as root. Please read item 5 in the NEWS file for v1.11.6 for more information and for the option to suppress this message.
Loading GWAS data CLEANED.NEBmen-Barban.gz 
Taking input= as a system command ('gzip -cd CLEANED.NEBmen-Barban.gz') and a variable has been used in the expression passed to `input=`. Please use fread(cmd=...). There is a security concern if you are creating an app, and the app could have a malicious user, and the app is not running in a secure environment; e.g. the app is running as root. Please read item 5 in the NEWS file for v1.11.6 for more information and for the option to suppress this message.
Loading GWAS data CLEANED.IQ-UKB.gz 
Taking input= as a system command ('gzip -cd CLEANED.IQ-UKB.gz') and a variable has been used in the expression passed to `input=`. Please use fread(cmd=...). There is a security concern if you are creating an app, and the app could have a malicious user, and the app is not running in a secure environment; e.g. the app is running as root. Please read item 5 in the NEWS file for v1.11.6 for more information and for the option to suppress this message.
Loading GWAS data CLEANED.IQ-COGENT.gz 
Taking input= as a system command ('gzip -cd CLEANED.IQ-COGENT.gz') and a variable has been used in the expression passed to `input=`. Please use fread(cmd=...). There is a security concern if you are creating an app, and the app could have a malicious user, and the app is not running in a secure environment; e.g. the app is running as root. Please read item 5 in the NEWS file for v1.11.6 for more information and for the option to suppress this message.
Loading GWAS data CLEANED.NEBwomen-Barban.gz 
Taking input= as a system command ('gzip -cd CLEANED.NEBwomen-Barban.gz') and a variable has been used in the expression passed to `input=`. Please use fread(cmd=...). There is a security concern if you are creating an app, and the app could have a malicious user, and the app is not running in a secure environment; e.g. the app is running as root. Please read item 5 in the NEWS file for v1.11.6 for more information and for the option to suppress this message.
Plotting SEN ... 
Plotting SEN ... 

Call:
lm(formula = SE ~ 0 + SE_reg, data = datasample)

Residuals:
     Min       1Q   Median       3Q      Max 
-0.04103 -0.01095 -0.00999 -0.00918  0.92899 

Coefficients:
       Estimate Std. Error t value Pr(>|t|)    
SE_reg 4.106365   0.009152   448.7   <2e-16 ***
---
Signif. codes:  0 ‘***’ 0.001 ‘**’ 0.01 ‘*’ 0.05 ‘.’ 0.1 ‘ ’ 1

Residual standard error: 0.02972 on 199999 degrees of freedom
Multiple R-squared:  0.5016,	Adjusted R-squared:  0.5016 
F-statistic: 2.013e+05 on 1 and 199999 DF,  p-value: < 2.2e-16

Plotting SEN ... 

Call:
lm(formula = SE ~ 0 + SE_reg, data = datasample)

Residuals:
       Min         1Q     Median         3Q        Max 
-6.061e-09 -2.725e-09  9.131e-10  2.255e-09  4.703e-09 

Coefficients:
        Estimate Std. Error   t value Pr(>|t|)    
SE_reg 1.000e+00  1.589e-09 629479656   <2e-16 ***
---
Signif. codes:  0 ‘***’ 0.001 ‘**’ 0.01 ‘*’ 0.05 ‘.’ 0.1 ‘ ’ 1

Residual standard error: 2.857e-09 on 199999 degrees of freedom
Multiple R-squared:      1,	Adjusted R-squared:      1 
F-statistic: 3.962e+17 on 1 and 199999 DF,  p-value: < 2.2e-16

Plotting SEN ... 

Call:
lm(formula = SE ~ 0 + SE_reg, data = datasample)

Residuals:
       Min         1Q     Median         3Q        Max 
-4.559e-08 -1.869e-09  1.201e-09  4.380e-09  5.400e-08 

Coefficients:
        Estimate Std. Error   t value Pr(>|t|)    
SE_reg 1.000e+00  3.005e-09 332745776   <2e-16 ***
---
Signif. codes:  0 ‘***’ 0.001 ‘**’ 0.01 ‘*’ 0.05 ‘.’ 0.1 ‘ ’ 1

Residual standard error: 1.017e-08 on 199999 degrees of freedom
Multiple R-squared:      1,	Adjusted R-squared:      1 
F-statistic: 1.107e+17 on 1 and 199999 DF,  p-value: < 2.2e-16

Loading GWAS data CLEANED.Risk-Linner.gz 
Taking input= as a system command ('gzip -cd CLEANED.Risk-Linner.gz') and a variable has been used in the expression passed to `input=`. Please use fread(cmd=...). There is a security concern if you are creating an app, and the app could have a malicious user, and the app is not running in a secure environment; e.g. the app is running as root. Please read item 5 in the NEWS file for v1.11.6 for more information and for the option to suppress this message.
Plotting SEN ... 

Call:
lm(formula = SE ~ 0 + SE_reg, data = datasample)

Residuals:

Call:
lm(formula = SE ~ 0 + SE_reg, data = datasample)

Residuals:
      Min        1Q    Median        3Q       Max 
-0.013218 -0.000293 -0.000121  0.000039  0.067302 

Coefficients:
        Estimate Std. Error t value Pr(>|t|)    
SE_reg 1.0873464  0.0005758    1888   <2e-16 ***
---
Signif. codes:  0 ‘***’ 0.001 ‘**’ 0.01 ‘*’ 0.05 ‘.’ 0.1 ‘ ’ 1

Residual standard error: 0.001264 on 199999 degrees of freedom
Multiple R-squared:  0.9469,	Adjusted R-squared:  0.9469 
F-statistic: 3.566e+06 on 1 and 199999 DF,  p-value: < 2.2e-16

       Min         1Q     Median         3Q        Max 
-3.644e-08 -6.100e-10  8.030e-10  3.678e-09  5.332e-08 

Coefficients:
        Estimate Std. Error   t value Pr(>|t|)    
SE_reg 1.000e+00  3.161e-09 316336207   <2e-16 ***
---
Signif. codes:  0 ‘***’ 0.001 ‘**’ 0.01 ‘*’ 0.05 ‘.’ 0.1 ‘ ’ 1

Residual standard error: 7.116e-09 on 199999 degrees of freedom
Multiple R-squared:      1,	Adjusted R-squared:      1 
F-statistic: 1.001e+17 on 1 and 199999 DF,  p-value: < 2.2e-16

Plotting SEN ... 

Call:
lm(formula = SE ~ 0 + SE_reg, data = datasample)

Residuals:
    Min      1Q  Median      3Q     Max 
-0.1120  0.0007  0.0009  0.0015 14.6552 

Coefficients:
       Estimate Std. Error t value Pr(>|t|)    
SE_reg 0.849927   0.007192   118.2   <2e-16 ***
---
Signif. codes:  0 ‘***’ 0.001 ‘**’ 0.01 ‘*’ 0.05 ‘.’ 0.1 ‘ ’ 1

Residual standard error: 0.0867 on 199999 degrees of freedom
Multiple R-squared:  0.06528,	Adjusted R-squared:  0.06527 
F-statistic: 1.397e+04 on 1 and 199999 DF,  p-value: < 2.2e-16

Plotting SEN ... 

Call:
lm(formula = SE ~ 0 + SE_reg, data = datasample)

Residuals:
      Min        1Q    Median        3Q       Max 
-0.029663 -0.002400 -0.002002 -0.001513  0.061243 

Coefficients:
       Estimate Std. Error t value Pr(>|t|)    
SE_reg 1.298134   0.001013    1282   <2e-16 ***
---
Signif. codes:  0 ‘***’ 0.001 ‘**’ 0.01 ‘*’ 0.05 ‘.’ 0.1 ‘ ’ 1

Residual standard error: 0.004237 on 199999 degrees of freedom
Multiple R-squared:  0.8914,	Adjusted R-squared:  0.8914 
F-statistic: 1.642e+06 on 1 and 199999 DF,  p-value: < 2.2e-16

Plotting Manhattan SE ... 
Plotting Manhattan SE ... 
Plotting Manhattan SE ... 
Plotting SEN ... 

Call:
lm(formula = SE ~ 0 + SE_reg, data = datasample)

Residuals:
       Min         1Q     Median         3Q        Max 
-4.978e-08 -2.813e-09 -2.340e-10  2.368e-09  4.538e-08 

Coefficients:
        Estimate Std. Error   t value Pr(>|t|)    
SE_reg 1.000e+00  2.491e-09 401476415   <2e-16 ***
---
Signif. codes:  0 ‘***’ 0.001 ‘**’ 0.01 ‘*’ 0.05 ‘.’ 0.1 ‘ ’ 1

Residual standard error: 5.535e-09 on 199999 degrees of freedom
Multiple R-squared:      1,	Adjusted R-squared:      1 
F-statistic: 1.612e+17 on 1 and 199999 DF,  p-value: < 2.2e-16

Plotting SEN ... 

Call:
lm(formula = SE ~ 0 + SE_reg, data = datasample)

Residuals:
       Min         1Q     Median         3Q        Max 
-4.937e-07 -2.770e-09 -1.300e-10  2.520e-09  4.943e-07 

Coefficients:
        Estimate Std. Error   t value Pr(>|t|)    
SE_reg 1.000e+00  3.173e-09 315184941   <2e-16 ***
---
Signif. codes:  0 ‘***’ 0.001 ‘**’ 0.01 ‘*’ 0.05 ‘.’ 0.1 ‘ ’ 1

Residual standard error: 1.477e-08 on 199999 degrees of freedom
Multiple R-squared:      1,	Adjusted R-squared:      1 
F-statistic: 9.934e+16 on 1 and 199999 DF,  p-value: < 2.2e-16

Plotting SEN ... 

Call:
lm(formula = SE ~ 0 + SE_reg, data = datasample)

Residuals:
       Min         1Q     Median         3Q        Max 
-4.972e-07 -2.700e-09 -1.300e-10  2.420e-09  4.921e-07 

Coefficients:
        Estimate Std. Error   t value Pr(>|t|)    
SE_reg 1.000e+00  3.294e-09 303576840   <2e-16 ***
---
Signif. codes:  0 ‘***’ 0.001 ‘**’ 0.01 ‘*’ 0.05 ‘.’ 0.1 ‘ ’ 1

Residual standard error: 1.534e-08 on 199999 degrees of freedom
Multiple R-squared:      1,	Adjusted R-squared:      1 
F-statistic: 9.216e+16 on 1 and 199999 DF,  p-value: < 2.2e-16

Plotting Manhattan SE ... 
Plotting SEN ... 

Call:
lm(formula = SE ~ 0 + SE_reg, data = datasample)

Residuals:
       Min         1Q     Median         3Q        Max 
-6.630e-04 -7.358e-05 -4.935e-05 -3.382e-05  2.365e-03 

Coefficients:
        Estimate Std. Error t value Pr(>|t|)    
SE_reg 9.640e-01  5.345e-05   18035   <2e-16 ***
---
Signif. codes:  0 ‘***’ 0.001 ‘**’ 0.01 ‘*’ 0.05 ‘.’ 0.1 ‘ ’ 1

Residual standard error: 0.0001623 on 199999 degrees of freedom
Multiple R-squared:  0.9994,	Adjusted R-squared:  0.9994 
F-statistic: 3.253e+08 on 1 and 199999 DF,  p-value: < 2.2e-16

Plotting Manhattan SE ... 
Plotting SEN ... 

Call:
lm(formula = SE ~ 0 + SE_reg, data = datasample)

Residuals:
       Min         1Q     Median         3Q        Max 
-0.0040070 -0.0007576 -0.0006323 -0.0005126  0.0175108 

Coefficients:
        Estimate Std. Error t value Pr(>|t|)    
SE_reg 1.0839359  0.0001233    8792   <2e-16 ***
---
Signif. codes:  0 ‘***’ 0.001 ‘**’ 0.01 ‘*’ 0.05 ‘.’ 0.1 ‘ ’ 1

Residual standard error: 0.001061 on 199999 degrees of freedom
Multiple R-squared:  0.9974,	Adjusted R-squared:  0.9974 
F-statistic: 7.729e+07 on 1 and 199999 DF,  p-value: < 2.2e-16

Plotting Manhattan SE ... 
Plotting Manhattan SE ... 
Plotting Manhattan SE ... 
Plotting Manhattan SE ... 
Plotting SEN ... 

Call:
lm(formula = SE ~ 0 + SE_reg, data = datasample)

Residuals:
       Min         1Q     Median         3Q        Max 
-4.996e-08 -2.575e-09 -6.000e-11  2.487e-09  5.000e-08 

Coefficients:
        Estimate Std. Error   t value Pr(>|t|)    
SE_reg 1.000e+00  2.498e-09 400292947   <2e-16 ***
---
Signif. codes:  0 ‘***’ 0.001 ‘**’ 0.01 ‘*’ 0.05 ‘.’ 0.1 ‘ ’ 1

Residual standard error: 5.362e-09 on 199999 degrees of freedom
Multiple R-squared:      1,	Adjusted R-squared:      1 
F-statistic: 1.602e+17 on 1 and 199999 DF,  p-value: < 2.2e-16

Plotting Manhattan SE ... 
Plotting Manhattan SE ... 
Plotting Manhattan SE ... 
Plotting Manhattan SE ... 
1_QC_public_master.sh: line 53: syntax error near unexpected token `done'
1_QC_public_master.sh: line 53: `done'
