
Attaching package: ‘dplyr’

The following objects are masked from ‘package:data.table’:

    between, first, last

The following objects are masked from ‘package:stats’:

    filter, lag

The following objects are masked from ‘package:base’:

    intersect, setdiff, setequal, union

[[1]]
[1] "data.table" "stats"      "graphics"   "grDevices"  "utils"     
[6] "datasets"   "methods"    "base"      

[[2]]
[1] "foreign"    "data.table" "stats"      "graphics"   "grDevices" 
[6] "utils"      "datasets"   "methods"    "base"      

[[3]]
 [1] "dplyr"      "foreign"    "data.table" "stats"      "graphics"  
 [6] "grDevices"  "utils"      "datasets"   "methods"    "base"      

[[4]]
 [1] "tidyr"      "dplyr"      "foreign"    "data.table" "stats"     
 [6] "graphics"   "grDevices"  "utils"      "datasets"   "methods"   
[11] "base"      

[[5]]
 [1] "stringr"    "tidyr"      "dplyr"      "foreign"    "data.table"
 [6] "stats"      "graphics"   "grDevices"  "utils"      "datasets"  
[11] "methods"    "base"      


Execution halted
