
Attaching package: ‘dplyr’

The following objects are masked from ‘package:data.table’:

    between, first, last

The following objects are masked from ‘package:stats’:

    filter, lag

The following objects are masked from ‘package:base’:

    intersect, setdiff, setequal, union

[[1]]
[1] "data.table" "stats"      "graphics"   "grDevices"  "utils"     
[6] "datasets"   "methods"    "base"      

[[2]]
[1] "foreign"    "data.table" "stats"      "graphics"   "grDevices" 
[6] "utils"      "datasets"   "methods"    "base"      

[[3]]
 [1] "dplyr"      "foreign"    "data.table" "stats"      "graphics"  
 [6] "grDevices"  "utils"      "datasets"   "methods"    "base"      

[[4]]
 [1] "tidyr"      "dplyr"      "foreign"    "data.table" "stats"     
 [6] "graphics"   "grDevices"  "utils"      "datasets"   "methods"   
[11] "base"      

[[5]]
 [1] "stringr"    "tidyr"      "dplyr"      "foreign"    "data.table"
 [6] "stats"      "graphics"   "grDevices"  "utils"      "datasets"  
[11] "methods"    "base"      

[1] "Iteration: 100. Phenotype: AFB."
[1] "Iteration: 200. Phenotype: AFB."
[1] "Iteration: 300. Phenotype: AFB."
[1] "Iteration: 400. Phenotype: AFB."
[1] "Iteration: 500. Phenotype: AFB."
[1] "Iteration: 600. Phenotype: AFB."
[1] "Iteration: 700. Phenotype: AFB."
[1] "Iteration: 800. Phenotype: AFB."
[1] "Iteration: 900. Phenotype: AFB."
[1] "Iteration: 1000. Phenotype: AFB."
[1] "Incremental R^2 public (95% CI): NA [NA : NA]"
[1] "Incremental R^2 single (95% CI): 1.14850317381679 [0.988018708823744 : 1.32471409741025]"
[1] "Incremental R^2 multi (95% CI): 6.15867023526868 [5.79766429340794 : 6.519781834927]"
[1] "Diff R^2 single - public (95% CI): NA [NA : NA]"
[1] "Diff R^2 multi - public (95% CI): NA [NA : NA]"
[1] "Diff R^2 multi - single (95% CI): 5.01016706145189 [4.6837703561039 : 5.34507483810629]"
[1] "N: 64656"
[1] "Iteration: 100. Phenotype: ASTECZRHI."
[1] "Iteration: 200. Phenotype: ASTECZRHI."
[1] "Iteration: 300. Phenotype: ASTECZRHI."
[1] "Iteration: 400. Phenotype: ASTECZRHI."
[1] "Iteration: 500. Phenotype: ASTECZRHI."
[1] "Iteration: 600. Phenotype: ASTECZRHI."
[1] "Iteration: 700. Phenotype: ASTECZRHI."
[1] "Iteration: 800. Phenotype: ASTECZRHI."
[1] "Iteration: 900. Phenotype: ASTECZRHI."
[1] "Iteration: 1000. Phenotype: ASTECZRHI."
[1] "Incremental R^2 public (95% CI): NA [NA : NA]"
[1] "Incremental R^2 single (95% CI): 1.18090035942445 [1.08034424788628 : 1.28798753475973]"
[1] "Incremental R^2 multi (95% CI): 3.11043190254245 [2.93551611518881 : 3.28589127726426]"
[1] "Diff R^2 single - public (95% CI): NA [NA : NA]"
[1] "Diff R^2 multi - public (95% CI): NA [NA : NA]"
[1] "Diff R^2 multi - single (95% CI): 1.929531543118 [1.78929845585384 : 2.06560394316948]"
[1] "N: 148658"
[1] "Iteration: 100. Phenotype: ASTHMA."
[1] "Iteration: 200. Phenotype: ASTHMA."
[1] "Iteration: 300. Phenotype: ASTHMA."
[1] "Iteration: 400. Phenotype: ASTHMA."
[1] "Iteration: 500. Phenotype: ASTHMA."
[1] "Iteration: 600. Phenotype: ASTHMA."
[1] "Iteration: 700. Phenotype: ASTHMA."
[1] "Iteration: 800. Phenotype: ASTHMA."
[1] "Iteration: 900. Phenotype: ASTHMA."
[1] "Iteration: 1000. Phenotype: ASTHMA."
[1] "Incremental R^2 public (95% CI): NA [NA : NA]"
[1] "Incremental R^2 single (95% CI): 1.60303897242555 [1.47666922933142 : 1.73380937724959]"
[1] "Incremental R^2 multi (95% CI): 1.92631974198505 [1.78664311461347 : 2.07279392420773]"
[1] "Diff R^2 single - public (95% CI): NA [NA : NA]"
[1] "Diff R^2 multi - public (95% CI): NA [NA : NA]"
[1] "Diff R^2 multi - single (95% CI): 0.323280769559494 [0.264732785072306 : 0.385562315438397]"
[1] "N: 148658"
[1] "Iteration: 100. Phenotype: AUDIT."
[1] "Iteration: 200. Phenotype: AUDIT."
[1] "Iteration: 300. Phenotype: AUDIT."
[1] "Iteration: 400. Phenotype: AUDIT."
[1] "Iteration: 500. Phenotype: AUDIT."
[1] "Iteration: 600. Phenotype: AUDIT."
[1] "Iteration: 700. Phenotype: AUDIT."
[1] "Iteration: 800. Phenotype: AUDIT."
[1] "Iteration: 900. Phenotype: AUDIT."
[1] "Iteration: 1000. Phenotype: AUDIT."
[1] "Incremental R^2 public (95% CI): NA [NA : NA]"
[1] "Incremental R^2 single (95% CI): 1.07608345234648 [0.882915826008997 : 1.28731089856682]"
[1] "Incremental R^2 multi (95% CI): 2.30390599806655 [2.01759175496848 : 2.58673289159507]"
[1] "Diff R^2 single - public (95% CI): NA [NA : NA]"
[1] "Diff R^2 multi - public (95% CI): NA [NA : NA]"
[1] "Diff R^2 multi - single (95% CI): 1.22782254572007 [1.0285483884911 : 1.44537855492255]"
[1] "N: 40709"
[1] "Iteration: 100. Phenotype: BMI."
[1] "Iteration: 200. Phenotype: BMI."
[1] "Iteration: 300. Phenotype: BMI."
[1] "Iteration: 400. Phenotype: BMI."
[1] "Iteration: 500. Phenotype: BMI."
[1] "Iteration: 600. Phenotype: BMI."
[1] "Iteration: 700. Phenotype: BMI."
[1] "Iteration: 800. Phenotype: BMI."
[1] "Iteration: 900. Phenotype: BMI."
[1] "Iteration: 1000. Phenotype: BMI."
[1] "Incremental R^2 public (95% CI): 8.03510760895748 [7.77129177817135 : 8.31052593283201]"
[1] "Incremental R^2 single (95% CI): 13.0456192110664 [12.7395181213409 : 13.3666559589847]"
[1] "Incremental R^2 multi (95% CI): NA [NA : NA]"
[1] "Diff R^2 single - public (95% CI): 5.01051160210897 [4.79918020215116 : 5.22853539665076]"
[1] "Diff R^2 multi - public (95% CI): NA [NA : NA]"
[1] "Diff R^2 multi - single (95% CI): NA [NA : NA]"
[1] "N: 145960"
[1] "Iteration: 100. Phenotype: CANNABIS."
[1] "Iteration: 200. Phenotype: CANNABIS."
[1] "Iteration: 300. Phenotype: CANNABIS."
[1] "Iteration: 400. Phenotype: CANNABIS."
[1] "Iteration: 500. Phenotype: CANNABIS."
[1] "Iteration: 600. Phenotype: CANNABIS."
[1] "Iteration: 700. Phenotype: CANNABIS."
[1] "Iteration: 800. Phenotype: CANNABIS."
[1] "Iteration: 900. Phenotype: CANNABIS."
[1] "Iteration: 1000. Phenotype: CANNABIS."
[1] "Incremental R^2 public (95% CI): 0.202811801172817 [0.126803795906442 : 0.289884549757145]"
[1] "Incremental R^2 single (95% CI): 1.27019402296659 [1.05453843076548 : 1.4858611798207]"
[1] "Incremental R^2 multi (95% CI): NA [NA : NA]"
[1] "Diff R^2 single - public (95% CI): 1.06738222179377 [0.88476523392549 : 1.26167914384577]"
[1] "Diff R^2 multi - public (95% CI): NA [NA : NA]"
[1] "Diff R^2 multi - single (95% CI): NA [NA : NA]"
[1] "N: 44612"
[1] "Iteration: 100. Phenotype: CP."
[1] "Iteration: 200. Phenotype: CP."
[1] "Iteration: 300. Phenotype: CP."
[1] "Iteration: 400. Phenotype: CP."
[1] "Iteration: 500. Phenotype: CP."
[1] "Iteration: 600. Phenotype: CP."
[1] "Iteration: 700. Phenotype: CP."
[1] "Iteration: 800. Phenotype: CP."
[1] "Iteration: 900. Phenotype: CP."
[1] "Iteration: 1000. Phenotype: CP."
[1] "Incremental R^2 public (95% CI): 1.50202556456341 [1.33343214934486 : 1.6724229283049]"
[1] "Incremental R^2 single (95% CI): 7.85081073863986 [7.47360081757275 : 8.24469585991831]"
[1] "Incremental R^2 multi (95% CI): 9.56833832188545 [9.17624799144981 : 10.0033658354829]"
[1] "Diff R^2 single - public (95% CI): 6.34878517407644 [6.01201371233045 : 6.70965478034178]"
[1] "Diff R^2 multi - public (95% CI): 8.06631275732203 [7.70071048312764 : 8.45168917030282]"
[1] "Diff R^2 multi - single (95% CI): 1.71752758324559 [1.50070962740735 : 1.93406352389056]"
[1] "N: 72761"
[1] "Iteration: 100. Phenotype: CPD."
[1] "Iteration: 200. Phenotype: CPD."
[1] "Iteration: 300. Phenotype: CPD."
[1] "Iteration: 400. Phenotype: CPD."
[1] "Iteration: 500. Phenotype: CPD."
[1] "Iteration: 600. Phenotype: CPD."
[1] "Iteration: 700. Phenotype: CPD."
[1] "Iteration: 800. Phenotype: CPD."
[1] "Iteration: 900. Phenotype: CPD."
[1] "Iteration: 1000. Phenotype: CPD."
[1] "Incremental R^2 public (95% CI): 0.434064513562023 [0.322139762784855 : 0.552848144127112]"
[1] "Incremental R^2 single (95% CI): 2.02199662476933 [1.77723480101115 : 2.28669942548335]"
[1] "Incremental R^2 multi (95% CI): NA [NA : NA]"
[1] "Diff R^2 single - public (95% CI): 1.5879321112073 [1.36601359667347 : 1.82382830631779]"
[1] "Diff R^2 multi - public (95% CI): NA [NA : NA]"
[1] "Diff R^2 multi - single (95% CI): NA [NA : NA]"
[1] "N: 46230"
[1] "Iteration: 100. Phenotype: DEP."
[1] "Iteration: 200. Phenotype: DEP."
[1] "Iteration: 300. Phenotype: DEP."
[1] "Iteration: 400. Phenotype: DEP."
[1] "Iteration: 500. Phenotype: DEP."
[1] "Iteration: 600. Phenotype: DEP."
[1] "Iteration: 700. Phenotype: DEP."
[1] "Iteration: 800. Phenotype: DEP."
[1] "Iteration: 900. Phenotype: DEP."
[1] "Iteration: 1000. Phenotype: DEP."
[1] "Incremental R^2 public (95% CI): 0.659299816290601 [0.570420727854378 : 0.747809887461566]"
[1] "Incremental R^2 single (95% CI): 1.92610429247533 [1.78522345936004 : 2.07282563043034]"
[1] "Incremental R^2 multi (95% CI): 2.44598677668557 [2.27617912545042 : 2.61292813353239]"
[1] "Diff R^2 single - public (95% CI): 1.26680447618473 [1.15565995643004 : 1.37736629111696]"
[1] "Diff R^2 multi - public (95% CI): 1.78668696039497 [1.63828527464237 : 1.92810493447777]"
[1] "Diff R^2 multi - single (95% CI): 0.519882484210242 [0.43033919649744 : 0.606560373718497]"
[1] "N: 134601"
[1] "Iteration: 100. Phenotype: DPW."
[1] "Iteration: 200. Phenotype: DPW."
[1] "Iteration: 300. Phenotype: DPW."
[1] "Iteration: 400. Phenotype: DPW."
[1] "Iteration: 500. Phenotype: DPW."
[1] "Iteration: 600. Phenotype: DPW."
[1] "Iteration: 700. Phenotype: DPW."
[1] "Iteration: 800. Phenotype: DPW."
[1] "Iteration: 900. Phenotype: DPW."
[1] "Iteration: 1000. Phenotype: DPW."
[1] "Incremental R^2 public (95% CI): NA [NA : NA]"
[1] "Incremental R^2 single (95% CI): 1.60171307801134 [1.46832417943714 : 1.74648245336577]"
[1] "Incremental R^2 multi (95% CI): 1.75960149177985 [1.61864410823843 : 1.91038175972505]"
[1] "Diff R^2 single - public (95% CI): NA [NA : NA]"
[1] "Diff R^2 multi - public (95% CI): NA [NA : NA]"
[1] "Diff R^2 multi - single (95% CI): 0.157888413768507 [0.120323428475845 : 0.194545015619402]"
[1] "N: 128102"
[1] "Iteration: 100. Phenotype: EA."
[1] "Iteration: 200. Phenotype: EA."
[1] "Iteration: 300. Phenotype: EA."
[1] "Iteration: 400. Phenotype: EA."
[1] "Iteration: 500. Phenotype: EA."
[1] "Iteration: 600. Phenotype: EA."
[1] "Iteration: 700. Phenotype: EA."
[1] "Iteration: 800. Phenotype: EA."
[1] "Iteration: 900. Phenotype: EA."
[1] "Iteration: 1000. Phenotype: EA."
[1] "Incremental R^2 public (95% CI): 3.75465065597615 [3.57072363668429 : 3.94789759634837]"
[1] "Incremental R^2 single (95% CI): 10.4852402205392 [10.2042872489312 : 10.7785884491094]"
[1] "Incremental R^2 multi (95% CI): 12.7501228471495 [12.4241103366792 : 13.0724163595993]"
[1] "Diff R^2 single - public (95% CI): 6.73058956456306 [6.4759184639946 : 6.99979983038332]"
[1] "Diff R^2 multi - public (95% CI): 8.99547219117335 [8.71097295097422 : 9.28360888682701]"
[1] "Diff R^2 multi - single (95% CI): 2.26488262661028 [2.10973935936223 : 2.41099347397914]"
[1] "N: 146980"
[1] "Iteration: 100. Phenotype: EVERSMOKE."
[1] "Iteration: 200. Phenotype: EVERSMOKE."
[1] "Iteration: 300. Phenotype: EVERSMOKE."
[1] "Iteration: 400. Phenotype: EVERSMOKE."
[1] "Iteration: 500. Phenotype: EVERSMOKE."
[1] "Iteration: 600. Phenotype: EVERSMOKE."
[1] "Iteration: 700. Phenotype: EVERSMOKE."
[1] "Iteration: 800. Phenotype: EVERSMOKE."
[1] "Iteration: 900. Phenotype: EVERSMOKE."
[1] "Iteration: 1000. Phenotype: EVERSMOKE."
[1] "Incremental R^2 public (95% CI): 0.743847607285824 [0.662885821821615 : 0.826803252036185]"
[1] "Incremental R^2 single (95% CI): 4.24386044585609 [4.05240707221588 : 4.44695221273521]"
[1] "Incremental R^2 multi (95% CI): NA [NA : NA]"
[1] "Diff R^2 single - public (95% CI): 3.50001283857027 [3.30996270061627 : 3.6856826836724]"
[1] "Diff R^2 multi - public (95% CI): NA [NA : NA]"
[1] "Diff R^2 multi - single (95% CI): NA [NA : NA]"
[1] "N: 148620"
[1] "Iteration: 100. Phenotype: FAMSAT."
[1] "Iteration: 200. Phenotype: FAMSAT."
[1] "Iteration: 300. Phenotype: FAMSAT."
[1] "Iteration: 400. Phenotype: FAMSAT."
[1] "Iteration: 500. Phenotype: FAMSAT."
[1] "Iteration: 600. Phenotype: FAMSAT."
[1] "Iteration: 700. Phenotype: FAMSAT."
[1] "Iteration: 800. Phenotype: FAMSAT."
[1] "Iteration: 900. Phenotype: FAMSAT."
[1] "Iteration: 1000. Phenotype: FAMSAT."
[1] "Incremental R^2 public (95% CI): NA [NA : NA]"
[1] "Incremental R^2 single (95% CI): 0.654918198029047 [0.52571108885758 : 0.796090912795871]"
[1] "Incremental R^2 multi (95% CI): 1.15421835398276 [0.982791050836463 : 1.32307285361325]"
[1] "Diff R^2 single - public (95% CI): NA [NA : NA]"
[1] "Diff R^2 multi - public (95% CI): NA [NA : NA]"
[1] "Diff R^2 multi - single (95% CI): 0.499300155953709 [0.376867927255776 : 0.635439043935644]"
[1] "N: 53590"
[1] "Iteration: 100. Phenotype: FRIENDSAT."
[1] "Iteration: 200. Phenotype: FRIENDSAT."
[1] "Iteration: 300. Phenotype: FRIENDSAT."
[1] "Iteration: 400. Phenotype: FRIENDSAT."
[1] "Iteration: 500. Phenotype: FRIENDSAT."
[1] "Iteration: 600. Phenotype: FRIENDSAT."
[1] "Iteration: 700. Phenotype: FRIENDSAT."
[1] "Iteration: 800. Phenotype: FRIENDSAT."
[1] "Iteration: 900. Phenotype: FRIENDSAT."
[1] "Iteration: 1000. Phenotype: FRIENDSAT."
[1] "Incremental R^2 public (95% CI): NA [NA : NA]"
[1] "Incremental R^2 single (95% CI): 0.669749148674714 [0.545474562302054 : 0.812494299783207]"
[1] "Incremental R^2 multi (95% CI): 1.48390445285975 [1.292477551526 : 1.68016255446072]"
[1] "Diff R^2 single - public (95% CI): NA [NA : NA]"
[1] "Diff R^2 multi - public (95% CI): NA [NA : NA]"
[1] "Diff R^2 multi - single (95% CI): 0.814155304185041 [0.656235754471568 : 0.962558371629539]"
[1] "N: 53541"
[1] "Iteration: 100. Phenotype: HAYFEVER."
[1] "Iteration: 200. Phenotype: HAYFEVER."
[1] "Iteration: 300. Phenotype: HAYFEVER."
[1] "Iteration: 400. Phenotype: HAYFEVER."
[1] "Iteration: 500. Phenotype: HAYFEVER."
[1] "Iteration: 600. Phenotype: HAYFEVER."
[1] "Iteration: 700. Phenotype: HAYFEVER."
[1] "Iteration: 800. Phenotype: HAYFEVER."
[1] "Iteration: 900. Phenotype: HAYFEVER."
[1] "Iteration: 1000. Phenotype: HAYFEVER."
[1] "Incremental R^2 public (95% CI): NA [NA : NA]"
[1] "Incremental R^2 single (95% CI): 2.1907764112027 [2.04757086239988 : 2.33718563969386]"
[1] "Incremental R^2 multi (95% CI): 2.69368034712551 [2.53551730102383 : 2.86040481447449]"
[1] "Diff R^2 single - public (95% CI): NA [NA : NA]"
[1] "Diff R^2 multi - public (95% CI): NA [NA : NA]"
[1] "Diff R^2 multi - single (95% CI): 0.502903935922811 [0.437158090909778 : 0.566823583698954]"
[1] "N: 148658"
[1] "Iteration: 100. Phenotype: HEIGHT."
[1] "Iteration: 200. Phenotype: HEIGHT."
[1] "Iteration: 300. Phenotype: HEIGHT."
[1] "Iteration: 400. Phenotype: HEIGHT."
[1] "Iteration: 500. Phenotype: HEIGHT."
[1] "Iteration: 600. Phenotype: HEIGHT."
[1] "Iteration: 700. Phenotype: HEIGHT."
[1] "Iteration: 800. Phenotype: HEIGHT."
[1] "Iteration: 900. Phenotype: HEIGHT."
[1] "Iteration: 1000. Phenotype: HEIGHT."
[1] "Incremental R^2 public (95% CI): 20.3679532777036 [19.9788188517175 : 20.7723295366762]"
[1] "Incremental R^2 single (95% CI): 32.536204907107 [32.1087906069251 : 32.9893537146988]"
[1] "Incremental R^2 multi (95% CI): NA [NA : NA]"
[1] "Diff R^2 single - public (95% CI): 12.1682516294034 [11.8740281074672 : 12.4889907313257]"
[1] "Diff R^2 multi - public (95% CI): NA [NA : NA]"
[1] "Diff R^2 multi - single (95% CI): NA [NA : NA]"
[1] "N: 148308"
[1] "Iteration: 100. Phenotype: MENARCHE."
[1] "Iteration: 200. Phenotype: MENARCHE."
[1] "Iteration: 300. Phenotype: MENARCHE."
[1] "Iteration: 400. Phenotype: MENARCHE."
[1] "Iteration: 500. Phenotype: MENARCHE."
[1] "Iteration: 600. Phenotype: MENARCHE."
[1] "Iteration: 700. Phenotype: MENARCHE."
[1] "Iteration: 800. Phenotype: MENARCHE."
[1] "Iteration: 900. Phenotype: MENARCHE."
[1] "Iteration: 1000. Phenotype: MENARCHE."
[1] "Incremental R^2 public (95% CI): 5.71333316390752 [5.39128437189591 : 6.03076872130211]"
[1] "Incremental R^2 single (95% CI): 8.76015286154968 [8.39807982259143 : 9.14236650732392]"
[1] "Incremental R^2 multi (95% CI): 8.6204063690394 [8.23085828450039 : 8.98975879336468]"
[1] "Diff R^2 single - public (95% CI): 3.04681969764216 [2.74986374167049 : 3.34077876944807]"
[1] "Diff R^2 multi - public (95% CI): 2.90707320513188 [2.60204807845283 : 3.19982492722006]"
[1] "Diff R^2 multi - single (95% CI): -0.13974649251028 [-0.28995146613941 : 0.017802252795771]"
[1] "N: 77758"
[1] "Iteration: 100. Phenotype: MIGRAINE."
[1] "Iteration: 200. Phenotype: MIGRAINE."
[1] "Iteration: 300. Phenotype: MIGRAINE."
[1] "Iteration: 400. Phenotype: MIGRAINE."
[1] "Iteration: 500. Phenotype: MIGRAINE."
[1] "Iteration: 600. Phenotype: MIGRAINE."
[1] "Iteration: 700. Phenotype: MIGRAINE."
[1] "Iteration: 800. Phenotype: MIGRAINE."
[1] "Iteration: 900. Phenotype: MIGRAINE."
[1] "Iteration: 1000. Phenotype: MIGRAINE."
[1] "Incremental R^2 public (95% CI): NA [NA : NA]"
[1] "Incremental R^2 single (95% CI): 0.586398169632407 [0.506653297711618 : 0.669198553588933]"
[1] "Incremental R^2 multi (95% CI): NA [NA : NA]"
[1] "Diff R^2 single - public (95% CI): NA [NA : NA]"
[1] "Diff R^2 multi - public (95% CI): NA [NA : NA]"
[1] "Diff R^2 multi - single (95% CI): NA [NA : NA]"
[1] "N: 136296"
[1] "Iteration: 100. Phenotype: MORNING."
[1] "Iteration: 200. Phenotype: MORNING."
[1] "Iteration: 300. Phenotype: MORNING."
[1] "Iteration: 400. Phenotype: MORNING."
[1] "Iteration: 500. Phenotype: MORNING."
[1] "Iteration: 600. Phenotype: MORNING."
[1] "Iteration: 700. Phenotype: MORNING."
[1] "Iteration: 800. Phenotype: MORNING."
[1] "Iteration: 900. Phenotype: MORNING."
[1] "Iteration: 1000. Phenotype: MORNING."
[1] "Incremental R^2 public (95% CI): NA [NA : NA]"
[1] "Incremental R^2 single (95% CI): 4.39819952352483 [4.18218767561905 : 4.60185670127363]"
[1] "Incremental R^2 multi (95% CI): NA [NA : NA]"
[1] "Diff R^2 single - public (95% CI): NA [NA : NA]"
[1] "Diff R^2 multi - public (95% CI): NA [NA : NA]"
[1] "Diff R^2 multi - single (95% CI): NA [NA : NA]"
[1] "N: 133392"
[1] "Iteration: 100. Phenotype: NEARSIGHTED."
[1] "Iteration: 200. Phenotype: NEARSIGHTED."
[1] "Iteration: 300. Phenotype: NEARSIGHTED."
[1] "Iteration: 400. Phenotype: NEARSIGHTED."
[1] "Iteration: 500. Phenotype: NEARSIGHTED."
[1] "Iteration: 600. Phenotype: NEARSIGHTED."
[1] "Iteration: 700. Phenotype: NEARSIGHTED."
[1] "Iteration: 800. Phenotype: NEARSIGHTED."
[1] "Iteration: 900. Phenotype: NEARSIGHTED."
[1] "Iteration: 1000. Phenotype: NEARSIGHTED."
[1] "Incremental R^2 public (95% CI): NA [NA : NA]"
[1] "Incremental R^2 single (95% CI): 4.50077306343281 [4.1754291558186 : 4.86273069287349]"
[1] "Incremental R^2 multi (95% CI): NA [NA : NA]"
[1] "Diff R^2 single - public (95% CI): NA [NA : NA]"
[1] "Diff R^2 multi - public (95% CI): NA [NA : NA]"
[1] "Diff R^2 multi - single (95% CI): NA [NA : NA]"
[1] "N: 52400"
[1] "Iteration: 100. Phenotype: NEBwomen."
[1] "Iteration: 200. Phenotype: NEBwomen."
[1] "Iteration: 300. Phenotype: NEBwomen."
[1] "Iteration: 400. Phenotype: NEBwomen."
[1] "Iteration: 500. Phenotype: NEBwomen."
[1] "Iteration: 600. Phenotype: NEBwomen."
[1] "Iteration: 700. Phenotype: NEBwomen."
[1] "Iteration: 800. Phenotype: NEBwomen."
[1] "Iteration: 900. Phenotype: NEBwomen."
[1] "Iteration: 1000. Phenotype: NEBwomen."
[1] "Incremental R^2 public (95% CI): NA [NA : NA]"
[1] "Incremental R^2 single (95% CI): 0.892790290291983 [0.766322160267462 : 1.0235845119803]"
[1] "Incremental R^2 multi (95% CI): 1.23174568892341 [1.09137686744627 : 1.393302785227]"
[1] "Diff R^2 single - public (95% CI): NA [NA : NA]"
[1] "Diff R^2 multi - public (95% CI): NA [NA : NA]"
[1] "Diff R^2 multi - single (95% CI): 0.338955398631427 [0.258549554887269 : 0.42919422067715]"
[1] "N: 79971"
[1] "Iteration: 100. Phenotype: NEURO."
[1] "Iteration: 200. Phenotype: NEURO."
[1] "Iteration: 300. Phenotype: NEURO."
[1] "Iteration: 400. Phenotype: NEURO."
[1] "Iteration: 500. Phenotype: NEURO."
[1] "Iteration: 600. Phenotype: NEURO."
[1] "Iteration: 700. Phenotype: NEURO."
[1] "Iteration: 800. Phenotype: NEURO."
[1] "Iteration: 900. Phenotype: NEURO."
[1] "Iteration: 1000. Phenotype: NEURO."
[1] "Incremental R^2 public (95% CI): 0.495938045020265 [0.420422960560842 : 0.581034331409134]"
[1] "Incremental R^2 single (95% CI): 2.55587229759903 [2.37883264797009 : 2.74081220463255]"
[1] "Incremental R^2 multi (95% CI): 3.54748011302728 [3.34012195764158 : 3.75978866325524]"
[1] "Diff R^2 single - public (95% CI): 2.05993425257876 [1.88931939583879 : 2.23139511666791]"
[1] "Diff R^2 multi - public (95% CI): 3.05154206800702 [2.85855321955668 : 3.25793344480233]"
[1] "Diff R^2 multi - single (95% CI): 0.991607815428252 [0.899462755949245 : 1.07979525296981]"
[1] "N: 120062"
[1] "Iteration: 100. Phenotype: RELIGATT."
[1] "Iteration: 200. Phenotype: RELIGATT."
[1] "Iteration: 300. Phenotype: RELIGATT."
[1] "Iteration: 400. Phenotype: RELIGATT."
[1] "Iteration: 500. Phenotype: RELIGATT."
[1] "Iteration: 600. Phenotype: RELIGATT."
[1] "Iteration: 700. Phenotype: RELIGATT."
[1] "Iteration: 800. Phenotype: RELIGATT."
[1] "Iteration: 900. Phenotype: RELIGATT."
[1] "Iteration: 1000. Phenotype: RELIGATT."
[1] "Incremental R^2 public (95% CI): NA [NA : NA]"
[1] "Incremental R^2 single (95% CI): 1.00088170569124 [0.89889316111034 : 1.1024640293645]"
[1] "Incremental R^2 multi (95% CI): 1.45514362480276 [1.34225557573229 : 1.57149635931028]"
[1] "Diff R^2 single - public (95% CI): NA [NA : NA]"
[1] "Diff R^2 multi - public (95% CI): NA [NA : NA]"
[1] "Diff R^2 multi - single (95% CI): 0.454261919111525 [0.377624284171769 : 0.534363089509706]"
[1] "N: 148251"
[1] "Iteration: 100. Phenotype: RISK."
[1] "Iteration: 200. Phenotype: RISK."
[1] "Iteration: 300. Phenotype: RISK."
[1] "Iteration: 400. Phenotype: RISK."
[1] "Iteration: 500. Phenotype: RISK."
[1] "Iteration: 600. Phenotype: RISK."
[1] "Iteration: 700. Phenotype: RISK."
[1] "Iteration: 800. Phenotype: RISK."
[1] "Iteration: 900. Phenotype: RISK."
[1] "Iteration: 1000. Phenotype: RISK."
[1] "Incremental R^2 public (95% CI): NA [NA : NA]"
[1] "Incremental R^2 single (95% CI): 1.52838794796068 [1.40568217720837 : 1.65213829426039]"
[1] "Incremental R^2 multi (95% CI): 1.77552582026353 [1.64668504986468 : 1.90882890450435]"
[1] "Diff R^2 single - public (95% CI): NA [NA : NA]"
[1] "Diff R^2 multi - public (95% CI): NA [NA : NA]"
[1] "Diff R^2 multi - single (95% CI): 0.24713787230285 [0.202153128612227 : 0.295800155598019]"
[1] "N: 143533"
[1] "Iteration: 100. Phenotype: SELFHEALTH."
[1] "Iteration: 200. Phenotype: SELFHEALTH."
[1] "Iteration: 300. Phenotype: SELFHEALTH."
[1] "Iteration: 400. Phenotype: SELFHEALTH."
[1] "Iteration: 500. Phenotype: SELFHEALTH."
[1] "Iteration: 600. Phenotype: SELFHEALTH."
[1] "Iteration: 700. Phenotype: SELFHEALTH."
[1] "Iteration: 800. Phenotype: SELFHEALTH."
[1] "Iteration: 900. Phenotype: SELFHEALTH."
[1] "Iteration: 1000. Phenotype: SELFHEALTH."
[1] "Incremental R^2 public (95% CI): NA [NA : NA]"
[1] "Incremental R^2 single (95% CI): 3.81992337240215 [3.63587739676755 : 3.99915435123535]"
[1] "Incremental R^2 multi (95% CI): 3.78692506073661 [3.59465628821112 : 3.96849335385421]"
[1] "Diff R^2 single - public (95% CI): NA [NA : NA]"
[1] "Diff R^2 multi - public (95% CI): NA [NA : NA]"
[1] "Diff R^2 multi - single (95% CI): -0.0329983116655439 [-0.0724560594698217 : 0.0109506026841235]"
[1] "N: 148083"
[1] "Iteration: 100. Phenotype: SWB."
[1] "Iteration: 200. Phenotype: SWB."
[1] "Iteration: 300. Phenotype: SWB."
[1] "Iteration: 400. Phenotype: SWB."
[1] "Iteration: 500. Phenotype: SWB."
[1] "Iteration: 600. Phenotype: SWB."
[1] "Iteration: 700. Phenotype: SWB."
[1] "Iteration: 800. Phenotype: SWB."
[1] "Iteration: 900. Phenotype: SWB."
[1] "Iteration: 1000. Phenotype: SWB."
[1] "Incremental R^2 public (95% CI): NA [NA : NA]"
[1] "Incremental R^2 single (95% CI): 1.37903949832152 [1.19303031589807 : 1.58048449890755]"
[1] "Incremental R^2 multi (95% CI): 1.39619197477213 [1.22297493978435 : 1.60131871135473]"
[1] "Diff R^2 single - public (95% CI): NA [NA : NA]"
[1] "Diff R^2 multi - public (95% CI): NA [NA : NA]"
[1] "Diff R^2 multi - single (95% CI): 0.0171524764506088 [-0.107516020657825 : 0.146293995455786]"
[1] "N: 53957"
[1] "Iteration: 100. Phenotype: COPD."
[1] "Iteration: 200. Phenotype: COPD."
[1] "Iteration: 300. Phenotype: COPD."
[1] "Iteration: 400. Phenotype: COPD."
[1] "Iteration: 500. Phenotype: COPD."
[1] "Iteration: 600. Phenotype: COPD."
[1] "Iteration: 700. Phenotype: COPD."
[1] "Iteration: 800. Phenotype: COPD."
[1] "Iteration: 900. Phenotype: COPD."
[1] "Iteration: 1000. Phenotype: COPD."
[1] "Incremental R^2 public (95% CI): NA [NA : NA]"
[1] "Incremental R^2 single (95% CI): NA [NA : NA]"
[1] "Incremental R^2 multi (95% CI): 0.621543213720735 [0.546471509454727 : 0.695935544280306]"
[1] "Diff R^2 single - public (95% CI): NA [NA : NA]"
[1] "Diff R^2 multi - public (95% CI): NA [NA : NA]"
[1] "Diff R^2 multi - single (95% CI): NA [NA : NA]"
[1] "N: 148658"
[1] "Iteration: 100. Phenotype: FINSAT."
[1] "Iteration: 200. Phenotype: FINSAT."
[1] "Iteration: 300. Phenotype: FINSAT."
[1] "Iteration: 400. Phenotype: FINSAT."
[1] "Iteration: 500. Phenotype: FINSAT."
[1] "Iteration: 600. Phenotype: FINSAT."
[1] "Iteration: 700. Phenotype: FINSAT."
[1] "Iteration: 800. Phenotype: FINSAT."
[1] "Iteration: 900. Phenotype: FINSAT."
[1] "Iteration: 1000. Phenotype: FINSAT."
[1] "Incremental R^2 public (95% CI): NA [NA : NA]"
[1] "Incremental R^2 single (95% CI): NA [NA : NA]"
[1] "Incremental R^2 multi (95% CI): 1.49802768481869 [1.31441738840763 : 1.69975699950232]"
[1] "Diff R^2 single - public (95% CI): NA [NA : NA]"
[1] "Diff R^2 multi - public (95% CI): NA [NA : NA]"
[1] "Diff R^2 multi - single (95% CI): NA [NA : NA]"
[1] "N: 53863"
[1] "Iteration: 100. Phenotype: LONELY."
[1] "Iteration: 200. Phenotype: LONELY."
[1] "Iteration: 300. Phenotype: LONELY."
[1] "Iteration: 400. Phenotype: LONELY."
[1] "Iteration: 500. Phenotype: LONELY."
[1] "Iteration: 600. Phenotype: LONELY."
[1] "Iteration: 700. Phenotype: LONELY."
[1] "Iteration: 800. Phenotype: LONELY."
[1] "Iteration: 900. Phenotype: LONELY."
[1] "Iteration: 1000. Phenotype: LONELY."
[1] "Incremental R^2 public (95% CI): NA [NA : NA]"
[1] "Incremental R^2 single (95% CI): NA [NA : NA]"
[1] "Incremental R^2 multi (95% CI): 0.918700723307459 [0.821986212136144 : 1.02765916122227]"
[1] "Diff R^2 single - public (95% CI): NA [NA : NA]"
[1] "Diff R^2 multi - public (95% CI): NA [NA : NA]"
[1] "Diff R^2 multi - single (95% CI): NA [NA : NA]"
[1] "N: 146361"
[1] "Iteration: 100. Phenotype: NEBmen."
[1] "Iteration: 200. Phenotype: NEBmen."
[1] "Iteration: 300. Phenotype: NEBmen."
[1] "Iteration: 400. Phenotype: NEBmen."
[1] "Iteration: 500. Phenotype: NEBmen."
[1] "Iteration: 600. Phenotype: NEBmen."
[1] "Iteration: 700. Phenotype: NEBmen."
[1] "Iteration: 800. Phenotype: NEBmen."
[1] "Iteration: 900. Phenotype: NEBmen."
[1] "Iteration: 1000. Phenotype: NEBmen."
[1] "Incremental R^2 public (95% CI): NA [NA : NA]"
[1] "Incremental R^2 single (95% CI): NA [NA : NA]"
[1] "Incremental R^2 multi (95% CI): 0.61956625819787 [0.482641144313515 : 0.755046268543555]"
[1] "Diff R^2 single - public (95% CI): NA [NA : NA]"
[1] "Diff R^2 multi - public (95% CI): NA [NA : NA]"
[1] "Diff R^2 multi - single (95% CI): NA [NA : NA]"
[1] "N: 68126"
[1] "Iteration: 100. Phenotype: WORKSAT."
[1] "Iteration: 200. Phenotype: WORKSAT."
[1] "Iteration: 300. Phenotype: WORKSAT."
[1] "Iteration: 400. Phenotype: WORKSAT."
[1] "Iteration: 500. Phenotype: WORKSAT."
[1] "Iteration: 600. Phenotype: WORKSAT."
[1] "Iteration: 700. Phenotype: WORKSAT."
[1] "Iteration: 800. Phenotype: WORKSAT."
[1] "Iteration: 900. Phenotype: WORKSAT."
[1] "Iteration: 1000. Phenotype: WORKSAT."
[1] "Incremental R^2 public (95% CI): NA [NA : NA]"
[1] "Incremental R^2 single (95% CI): NA [NA : NA]"
[1] "Incremental R^2 multi (95% CI): 0.986554484741267 [0.79204995182283 : 1.18417627768651]"
[1] "Diff R^2 single - public (95% CI): NA [NA : NA]"
[1] "Diff R^2 multi - public (95% CI): NA [NA : NA]"
[1] "Diff R^2 multi - single (95% CI): NA [NA : NA]"
[1] "N: 36469"
