 
Running inverse variance weighted meta-analysis for ALZ_UKB1..
 
 
Running inverse variance weighted meta-analysis for ALZ_UKB2..
 
 
Running inverse variance weighted meta-analysis for ALZ_UKB3..
 
 
Running inverse variance weighted meta-analysis for NEBmen_Barban..
 
 
Running inverse variance weighted meta-analysis for NEBwomen_Barban..
 
 
Running inverse variance weighted meta-analysis for ADHD_23andMe..
 
 
Inverse variance weighted meta-analysis for NEBmen_Barban finished.
Formatting MTAG output for NEBmen_Barban..
 
Inverse variance weighted meta-analysis for ALZ_UKB2 finished.
Formatting MTAG output for ALZ_UKB2..
Formatting for NEBmen_Barban finished.
Formatting for ALZ_UKB2 finished.
 
Inverse variance weighted meta-analysis for NEBwomen_Barban finished.
Formatting MTAG output for NEBwomen_Barban..
Formatting for NEBwomen_Barban finished.
 
Inverse variance weighted meta-analysis for ADHD_23andMe finished.
Formatting MTAG output for ADHD_23andMe..
 
Inverse variance weighted meta-analysis for ALZ_UKB3 finished.
Formatting MTAG output for ALZ_UKB3..
 
Inverse variance weighted meta-analysis for ALZ_UKB1 finished.
Formatting MTAG output for ALZ_UKB1..
Formatting for ADHD_23andMe finished.
Formatting for ALZ_UKB3 finished.
Formatting for ALZ_UKB1 finished.
