 
Running single-trait MTAG for BMI1..
 
 
Running single-trait MTAG for BMI2..
 
 
Running single-trait MTAG for BMI3..
 
 
Running single-trait MTAG for BMI4..
 
 
Running single-trait MTAG for BMI5..
 
 
Running single-trait MTAG for HEIGHT1..
 
 
Running single-trait MTAG for HEIGHT2..
 
 
Running single-trait MTAG for HEIGHT3..
 
 
Running single-trait MTAG for HEIGHT4..
 
 
Running single-trait MTAG for HEIGHT5..
 
 
Running single-trait MTAG for READING1..
 
 
Running single-trait MTAG for ALZ1..
 
 
Running single-trait MTAG for ALZ2..
 
 
Running single-trait MTAG for ALZ3..
 
 
Running single-trait MTAG for ALZ4..
 
 
Running single-trait MTAG for CP1..
 
 
Running single-trait MTAG for CP2..
 
 
Running single-trait MTAG for CP3..
 
 
Running single-trait MTAG for CP4..
 
 
Running single-trait MTAG for CP5..
 
 
Single-trait MTAG for ALZ2 finished.
 
 
Single-trait MTAG for READING1 finished.
 
 
Single-trait MTAG for ALZ1 finished.
 
 
Single-trait MTAG for ALZ4 finished.
 
 
Single-trait MTAG for ALZ3 finished.
 
 
Single-trait MTAG for BMI5 finished.
 
 
Single-trait MTAG for HEIGHT3 finished.
 
 
Single-trait MTAG for BMI3 finished.
 
 
Single-trait MTAG for HEIGHT5 finished.
 
 
Single-trait MTAG for BMI4 finished.
 
 
Single-trait MTAG for HEIGHT4 finished.
 
 
Single-trait MTAG for HEIGHT1 finished.
 
 
Single-trait MTAG for BMI1 finished.
 
 
Single-trait MTAG for CP3 finished.
 
 
Single-trait MTAG for BMI2 finished.
 
 
Single-trait MTAG for CP5 finished.
 
 
Single-trait MTAG for CP2 finished.
 
 
Single-trait MTAG for CP4 finished.
 
 
Single-trait MTAG for HEIGHT2 finished.
 
 
Single-trait MTAG for CP1 finished.
 
 
Running single-trait MTAG for EA1..
 
 
Running single-trait MTAG for EA2..
 
 
Running single-trait MTAG for EA3..
 
 
Running single-trait MTAG for EA4..
 
 
Running single-trait MTAG for HIGHMATH1..
 
 
Running single-trait MTAG for SELFMATH1..
 
 
Running single-trait MTAG for AFB1..
 
 
Running single-trait MTAG for AFB2..
 
 
Running single-trait MTAG for AFB3..
 
 
Running single-trait MTAG for AFB4..
 
 
Running single-trait MTAG for AFB5..
 
 
Running single-trait MTAG for MENARCHE1..
 
 
Running single-trait MTAG for MENARCHE2..
 
 
Running single-trait MTAG for MENARCHE3..
 
 
Running single-trait MTAG for MENARCHE4..
 
 
Running single-trait MTAG for MENARCHE5..
 
 
Running single-trait MTAG for VOICEDEEP1..
 
 
Running single-trait MTAG for NEBmen1..
 
 
Running single-trait MTAG for NEBmen2..
 
 
Running single-trait MTAG for NEBmen3..
 
 
Single-trait MTAG for NEBmen2 finished.
 
 
Single-trait MTAG for NEBmen3 finished.
 
 
Single-trait MTAG for NEBmen1 finished.
 
 
Single-trait MTAG for VOICEDEEP1 finished.
 
 
Single-trait MTAG for HIGHMATH1 finished.
 
 
Single-trait MTAG for SELFMATH1 finished.
 
 
Single-trait MTAG for EA1 finished.
 
 
Single-trait MTAG for MENARCHE1 finished.
 
 
Single-trait MTAG for AFB4 finished.
 
 
Single-trait MTAG for MENARCHE4 finished.
 
 
Single-trait MTAG for AFB5 finished.
 
 
Single-trait MTAG for AFB3 finished.
 
 
Single-trait MTAG for MENARCHE5 finished.
 
 
Single-trait MTAG for EA4 finished.
 
 
Single-trait MTAG for MENARCHE3 finished.
 
 
Single-trait MTAG for EA3 finished.
 
 
Single-trait MTAG for EA2 finished.
 
 
Single-trait MTAG for AFB1 finished.
 
 
Single-trait MTAG for AFB2 finished.
 
 
Single-trait MTAG for MENARCHE2 finished.
 
 
Running single-trait MTAG for NEBmen4..
 
 
Running single-trait MTAG for NEBmen5..
 
 
Running single-trait MTAG for NEBwomen1..
 
 
Running single-trait MTAG for NEBwomen2..
 
 
Running single-trait MTAG for NEBwomen3..
 
 
Running single-trait MTAG for NEBwomen4..
 
 
Running single-trait MTAG for NEBwomen5..
 
 
Running single-trait MTAG for ADHD1..
 
 
Running single-trait MTAG for ALLERGYCAT1..
 
 
Running single-trait MTAG for ALLERGYDUST1..
 
 
Running single-trait MTAG for ALLERGYPOLLEN1..
 
 
Running single-trait MTAG for ASTHMA1..
 
 
Running single-trait MTAG for ASTHMA2..
 
 
Running single-trait MTAG for ASTHMA3..
 
 
Running single-trait MTAG for ASTHMA4..
 
 
Running single-trait MTAG for ASTECZRHI1..
 
 
Running single-trait MTAG for ASTECZRHI2..
 
 
Running single-trait MTAG for ASTECZRHI3..
 
 
Running single-trait MTAG for ASTECZRHI4..
 
 
Running single-trait MTAG for ASTECZRHI5..
 
 
Single-trait MTAG for NEBwomen1 finished.
 
 
Single-trait MTAG for NEBwomen5 finished.
 
 
Single-trait MTAG for NEBmen4 finished.
 
 
Single-trait MTAG for NEBwomen3 finished.
 
 
Single-trait MTAG for NEBwomen4 finished.
 
 
Single-trait MTAG for NEBmen5 finished.
 
 
Single-trait MTAG for ADHD1 finished.
 
 
Single-trait MTAG for NEBwomen2 finished.
 
 
Single-trait MTAG for ALLERGYCAT1 finished.
 
 
Single-trait MTAG for ALLERGYPOLLEN1 finished.
 
 
Single-trait MTAG for ALLERGYDUST1 finished.
 
 
Single-trait MTAG for ASTHMA3 finished.
 
 
Single-trait MTAG for ASTHMA4 finished.
 
 
Single-trait MTAG for ASTHMA2 finished.
 
 
Single-trait MTAG for ASTECZRHI3 finished.
 
 
Single-trait MTAG for ASTECZRHI4 finished.
 
 
Single-trait MTAG for ASTECZRHI5 finished.
 
 
Single-trait MTAG for ASTHMA1 finished.
 
 
Single-trait MTAG for ASTECZRHI2 finished.
 
 
Single-trait MTAG for ASTECZRHI1 finished.
 
 
Running single-trait MTAG for HAYFEVERb1..
 
 
Running single-trait MTAG for HAYFEVERb2..
 
 
Running single-trait MTAG for HAYFEVERb3..
 
 
Running single-trait MTAG for HAYFEVERb4..
 
 
Running single-trait MTAG for ECZEMA1..
 
 
Running single-trait MTAG for ECZEMA2..
 
 
Running single-trait MTAG for ECZEMA3..
 
 
Running single-trait MTAG for ECZEMA4..
 
 
Running single-trait MTAG for AUDIT1..
 
 
Running single-trait MTAG for AUDIT2..
 
 
Running single-trait MTAG for AUDIT3..
 
 
Running single-trait MTAG for AUDIT4..
 
 
Running single-trait MTAG for CANNABIS1..
 
 
Running single-trait MTAG for CANNABIS2..
 
 
Running single-trait MTAG for CANNABIS3..
 
 
Running single-trait MTAG for CANNABIS4..
 
 
Running single-trait MTAG for CANNABIS5..
 
 
Running single-trait MTAG for CPD1..
 
 
Running single-trait MTAG for CPD2..
 
 
Running single-trait MTAG for CPD3..
 
 
Single-trait MTAG for ECZEMA2 finished.
 
 
Single-trait MTAG for CPD1 finished.
 
 
Single-trait MTAG for ECZEMA3 finished.
 
 
Single-trait MTAG for ECZEMA4 finished.
 
 
Single-trait MTAG for HAYFEVERb4 finished.
 
 
Single-trait MTAG for HAYFEVERb2 finished.
 
 
Single-trait MTAG for HAYFEVERb3 finished.
 
 
Single-trait MTAG for CPD3 finished.
 
 
Single-trait MTAG for AUDIT2 finished.
 
 
Single-trait MTAG for ECZEMA1 finished.
 
 
Single-trait MTAG for AUDIT3 finished.
 
 
Single-trait MTAG for AUDIT4 finished.
 
 
Single-trait MTAG for CPD2 finished.
 
 
Single-trait MTAG for CANNABIS4 finished.
 
 
Single-trait MTAG for HAYFEVERb1 finished.
 
 
Single-trait MTAG for CANNABIS5 finished.
 
 
Single-trait MTAG for CANNABIS3 finished.
 
 
Single-trait MTAG for AUDIT1 finished.
 
 
Single-trait MTAG for CANNABIS2 finished.
 
 
Single-trait MTAG for CANNABIS1 finished.
 
 
Running single-trait MTAG for CPD4..
 
 
Running single-trait MTAG for CPD5..
 
 
Running single-trait MTAG for COGEMP1..
 
 
Running single-trait MTAG for COPD1..
 
 
Running single-trait MTAG for COPD2..
 
 
Running single-trait MTAG for COPD3..
 
 
Running single-trait MTAG for COPD4..
 
 
Running single-trait MTAG for DEP1..
 
 
Running single-trait MTAG for DEP2..
 
 
Running single-trait MTAG for DEP3..
 
 
Running single-trait MTAG for DEP4..
 
 
Running single-trait MTAG for DEP5..
 
 
Running single-trait MTAG for DPW1..
 
 
Running single-trait MTAG for DPW2..
 
 
Running single-trait MTAG for DPW3..
 
 
Running single-trait MTAG for DPW4..
 
 
Running single-trait MTAG for DPW5..
 
 
Running single-trait MTAG for EVERSMOKE1..
 
 
Running single-trait MTAG for EVERSMOKE2..
 
 
Running single-trait MTAG for EVERSMOKE3..
 
 
Single-trait MTAG for COGEMP1 finished.
 
 
Single-trait MTAG for DPW1 finished.
 
 
Single-trait MTAG for EVERSMOKE1 finished.
 
 
Single-trait MTAG for COPD3 finished.
 
 
Single-trait MTAG for COPD2 finished.
 
 
Single-trait MTAG for COPD4 finished.
 
 
Single-trait MTAG for DPW3 finished.
 
 
Single-trait MTAG for DPW4 finished.
 
 
Single-trait MTAG for DPW5 finished.
 
 
Single-trait MTAG for EVERSMOKE3 finished.
 
 
Single-trait MTAG for CPD5 finished.
 
 
Single-trait MTAG for CPD4 finished.
 
 
Single-trait MTAG for COPD1 finished.
 
 
Single-trait MTAG for DPW2 finished.
 
 
Single-trait MTAG for DEP3 finished.
 
 
Single-trait MTAG for EVERSMOKE2 finished.
 
 
Single-trait MTAG for DEP5 finished.
 
 
Single-trait MTAG for DEP2 finished.
 
 
Single-trait MTAG for DEP4 finished.
 
 
Single-trait MTAG for DEP1 finished.
 
 
Running single-trait MTAG for EVERSMOKE4..
 
 
Running single-trait MTAG for EVERSMOKE5..
 
 
Running single-trait MTAG for HAYFEVER1..
 
 
Running single-trait MTAG for HAYFEVER2..
 
 
Running single-trait MTAG for HAYFEVER3..
 
 
Running single-trait MTAG for HAYFEVER4..
 
 
Running single-trait MTAG for MIGRAINE1..
 
 
Running single-trait MTAG for MIGRAINE2..
 
 
Running single-trait MTAG for MIGRAINE3..
 
 
Running single-trait MTAG for MIGRAINE4..
 
 
Running single-trait MTAG for NEARSIGHTED1..
 
 
Running single-trait MTAG for NEARSIGHTED2..
 
 
Running single-trait MTAG for NEARSIGHTED3..
 
 
Running single-trait MTAG for NEARSIGHTED4..
 
 
Running single-trait MTAG for ACTIVITY1..
 
 
Running single-trait MTAG for SELFHEALTH1..
 
 
Running single-trait MTAG for SELFHEALTH2..
 
 
Running single-trait MTAG for SELFHEALTH3..
 
 
Running single-trait MTAG for SELFHEALTH4..
 
 
Running single-trait MTAG for ADVENTURE1..
 
 
Single-trait MTAG for ACTIVITY1 finished.
 
 
Single-trait MTAG for ADVENTURE1 finished.
 
 
Single-trait MTAG for HAYFEVER4 finished.
 
 
Single-trait MTAG for HAYFEVER2 finished.
 
 
Single-trait MTAG for HAYFEVER3 finished.
 
 
Single-trait MTAG for EVERSMOKE5 finished.
 
 
Single-trait MTAG for MIGRAINE2 finished.
 
 
Single-trait MTAG for NEARSIGHTED3 finished.
 
 
Single-trait MTAG for MIGRAINE4 finished.
 
 
Single-trait MTAG for EVERSMOKE4 finished.
 
 
Single-trait MTAG for NEARSIGHTED2 finished.
 
 
Single-trait MTAG for NEARSIGHTED4 finished.
 
 
Single-trait MTAG for MIGRAINE3 finished.
 
 
Single-trait MTAG for SELFHEALTH2 finished.
 
 
Single-trait MTAG for SELFHEALTH4 finished.
 
 
Single-trait MTAG for SELFHEALTH3 finished.
 
 
Single-trait MTAG for HAYFEVER1 finished.
 
 
Single-trait MTAG for NEARSIGHTED1 finished.
 
 
Single-trait MTAG for MIGRAINE1 finished.
 
 
Single-trait MTAG for SELFHEALTH1 finished.
 
 
Running single-trait MTAG for AGREE1..
 
 
Running single-trait MTAG for CONSC1..
 
 
Running single-trait MTAG for DELAYDISC1..
 
 
Running single-trait MTAG for EXTRA1..
 
 
Running single-trait MTAG for EXTRA2..
 
 
Running single-trait MTAG for LEFTOUT1..
 
 
Running single-trait MTAG for FAMSAT1..
 
 
Running single-trait MTAG for FAMSAT2..
 
 
Running single-trait MTAG for FAMSAT3..
 
 
Running single-trait MTAG for FAMSAT4..
 
 
Running single-trait MTAG for FINSAT1..
 
 
Running single-trait MTAG for FINSAT2..
 
 
Running single-trait MTAG for FINSAT3..
 
 
Running single-trait MTAG for FINSAT4..
 
 
Running single-trait MTAG for FRIENDSAT1..
 
 
Running single-trait MTAG for FRIENDSAT2..
 
 
Running single-trait MTAG for FRIENDSAT3..
 
 
Running single-trait MTAG for FRIENDSAT4..
 
 
Running single-trait MTAG for WORKSAT1..
 
 
Running single-trait MTAG for WORKSAT2..
 
 
Single-trait MTAG for CONSC1 finished.
 
 
Single-trait MTAG for EXTRA2 finished.
 
 
Single-trait MTAG for AGREE1 finished.
 
 
Single-trait MTAG for DELAYDISC1 finished.
 
 
Single-trait MTAG for LEFTOUT1 finished.
 
 
Single-trait MTAG for EXTRA1 finished.
 
 
Single-trait MTAG for FINSAT4 finished.
 
 
Single-trait MTAG for FINSAT3 finished.
 
 
Single-trait MTAG for FRIENDSAT2 finished.
 
 
Single-trait MTAG for FRIENDSAT3 finished.
 
 
Single-trait MTAG for FAMSAT2 finished.
 
 
Single-trait MTAG for FRIENDSAT4 finished.
 
 
Single-trait MTAG for WORKSAT2 finished.
 
 
Single-trait MTAG for FAMSAT4 finished.
 
 
Single-trait MTAG for FINSAT2 finished.
 
 
Single-trait MTAG for FAMSAT3 finished.
 
 
Single-trait MTAG for WORKSAT1 finished.
 
 
Single-trait MTAG for FAMSAT1 finished.
 
 
Single-trait MTAG for FRIENDSAT1 finished.
 
 
Single-trait MTAG for FINSAT1 finished.
 
 
Running single-trait MTAG for WORKSAT3..
 
 
Running single-trait MTAG for WORKSAT4..
 
 
Running single-trait MTAG for LONELY1..
 
 
Running single-trait MTAG for LONELY2..
 
 
Running single-trait MTAG for LONELY3..
 
 
Running single-trait MTAG for LONELY4..
 
 
Running single-trait MTAG for MORNING1..
 
 
Running single-trait MTAG for MORNING2..
 
 
Running single-trait MTAG for MORNING3..
 
 
Running single-trait MTAG for MORNING4..
 
 
Running single-trait MTAG for NARCIS1..
 
 
Running single-trait MTAG for NEURO1..
 
 
Running single-trait MTAG for NEURO2..
 
 
Running single-trait MTAG for NEURO3..
 
 
Running single-trait MTAG for NEURO4..
 
 
Running single-trait MTAG for NEURO5..
 
 
Running single-trait MTAG for OPEN1..
 
 
Running single-trait MTAG for RELIGATT1..
 
 
Running single-trait MTAG for RELIGATT2..
 
 
Running single-trait MTAG for RELIGATT3..
 
 
Single-trait MTAG for OPEN1 finished.
 
 
Single-trait MTAG for NARCIS1 finished.
 
 
Single-trait MTAG for WORKSAT3 finished.
 
 
Single-trait MTAG for LONELY4 finished.
 
 
Single-trait MTAG for LONELY3 finished.
 
 
Single-trait MTAG for RELIGATT3 finished.
 
 
Single-trait MTAG for RELIGATT2 finished.
 
 
Single-trait MTAG for WORKSAT4 finished.
 
 
Single-trait MTAG for LONELY2 finished.
 
 
Single-trait MTAG for MORNING2 finished.
 
 
Single-trait MTAG for MORNING3 finished.
 
 
Single-trait MTAG for MORNING4 finished.
 
 
Single-trait MTAG for LONELY1 finished.
 
 
Single-trait MTAG for RELIGATT1 finished.
 
 
Single-trait MTAG for NEURO3 finished.
 
 
Single-trait MTAG for NEURO5 finished.
 
 
Single-trait MTAG for NEURO4 finished.
 
 
Single-trait MTAG for MORNING1 finished.
 
 
Single-trait MTAG for NEURO2 finished.
 
 
Single-trait MTAG for NEURO1 finished.
 
 
Running single-trait MTAG for RELIGATT4..
 
 
Running single-trait MTAG for RECHARGE1..
 
 
Running single-trait MTAG for RELIGBLF1..
 
 
Running single-trait MTAG for RISK1..
 
 
Running single-trait MTAG for RISK2..
 
 
Running single-trait MTAG for RISK3..
 
 
Running single-trait MTAG for RISK4..
 
 
Running single-trait MTAG for SWB1..
 
 
Running single-trait MTAG for SWB2..
 
 
Running single-trait MTAG for SWB3..
 
 
Running single-trait MTAG for SWB4..
 
 
Single-trait MTAG for RECHARGE1 finished.
 
 
Single-trait MTAG for RELIGBLF1 finished.
 
 
Single-trait MTAG for RELIGATT4 finished.
 
 
Single-trait MTAG for SWB3 finished.
 
 
Single-trait MTAG for SWB4 finished.
 
 
Single-trait MTAG for SWB2 finished.
 
 
Single-trait MTAG for RISK2 finished.
 
 
Single-trait MTAG for RISK4 finished.
 
 
Single-trait MTAG for RISK3 finished.
 
 
Single-trait MTAG for SWB1 finished.
 
 
Single-trait MTAG for RISK1 finished.
 
